[     169ms] [INFO] %cDownload the React DevTools for a better development experience: https://react.dev/link/react-devtools font-weight:bold @ http://localhost:3000/_next/static/chunks/166g_next_dist_0yxsnqj._.js:2477
[     407ms] [LOG] [HMR] connected @ http://localhost:3000/_next/static/chunks/166g_next_dist_0yxsnqj._.js:2477
[     568ms] [LOG] [Fast Refresh] rebuilding @ http://localhost:3000/_next/static/chunks/166g_next_dist_0yxsnqj._.js:2477
[    1023ms] [LOG] [Fast Refresh] done in 555ms @ http://localhost:3000/_next/static/chunks/166g_next_dist_0yxsnqj._.js:2477
[    1272ms] [ERROR] Failed to load resource: the server responded with a status of 401 (Unauthorized) @ http://localhost:3001/auth/refresh:0
[    1384ms] [LOG] [Fast Refresh] rebuilding @ http://localhost:3000/_next/static/chunks/166g_next_dist_0yxsnqj._.js:2477
[    1682ms] [LOG] [Fast Refresh] done in 397ms @ http://localhost:3000/_next/static/chunks/166g_next_dist_0yxsnqj._.js:2477
[    2873ms] [LOG] [Fast Refresh] rebuilding @ http://localhost:3000/_next/static/chunks/166g_next_dist_0yxsnqj._.js:2477
[    3027ms] [LOG] [Fast Refresh] done in 255ms @ http://localhost:3000/_next/static/chunks/166g_next_dist_0yxsnqj._.js:2477
[    3139ms] [WARNING] Image with src "/images/logo.png" has either width or height modified, but not the other. If you use CSS to change the size of your image, also include the styles 'width: "auto"' or 'height: "auto"' to maintain the aspect ratio. @ http://localhost:3000/_next/static/chunks/166g_next_dist_0yxsnqj._.js:2477
[   67973ms] [WARNING] The resource http://localhost:3000/_next/image?url=%2Fimages%2Flogo.png&w=128&q=75 was preloaded using link preload but not used within a few seconds from the window's load event. Please make sure it has an appropriate `as` value and it is preloaded intentionally. @ http://localhost:3000/:0
[  128714ms] [WARNING] The resource http://localhost:3000/_next/image?url=%2Fimages%2Flogo.png&w=128&q=75 was preloaded using link preload but not used within a few seconds from the window's load event. Please make sure it has an appropriate `as` value and it is preloaded intentionally. @ http://localhost:3000/nha-cung-cap:0
[  132701ms] [LOG] [Fast Refresh] rebuilding @ http://localhost:3000/_next/static/chunks/166g_next_dist_0yxsnqj._.js:2477
[  132755ms] [LOG] [Fast Refresh] done in 156ms @ http://localhost:3000/_next/static/chunks/166g_next_dist_0yxsnqj._.js:2477
[  154860ms] [LOG] [Fast Refresh] rebuilding @ http://localhost:3000/_next/static/chunks/166g_next_dist_0yxsnqj._.js:2477
[  157507ms] [LOG] [Fast Refresh] done in 2748ms @ http://localhost:3000/_next/static/chunks/166g_next_dist_0yxsnqj._.js:2477
[  160640ms] [WARNING] The resource http://localhost:3000/_next/image?url=%2Fimages%2Flogo.png&w=128&q=75 was preloaded using link preload but not used within a few seconds from the window's load event. Please make sure it has an appropriate `as` value and it is preloaded intentionally. @ http://localhost:3000/nha-cung-cap/them:0
[  195773ms] [LOG] [Fast Refresh] rebuilding @ http://localhost:3000/_next/static/chunks/166g_next_dist_0yxsnqj._.js:2477
[  195799ms] [LOG] [Fast Refresh] done in 128ms @ http://localhost:3000/_next/static/chunks/166g_next_dist_0yxsnqj._.js:2477
[  279340ms] [LOG] [Fast Refresh] rebuilding @ http://localhost:3000/_next/static/chunks/166g_next_dist_0yxsnqj._.js:2477
[  279377ms] [LOG] [Fast Refresh] done in 138ms @ http://localhost:3000/_next/static/chunks/166g_next_dist_0yxsnqj._.js:2477
[  281644ms] [LOG] [Fast Refresh] rebuilding @ http://localhost:3000/_next/static/chunks/166g_next_dist_0yxsnqj._.js:2477
[  281648ms] [LOG] [Fast Refresh] done in 105ms @ http://localhost:3000/_next/static/chunks/166g_next_dist_0yxsnqj._.js:2477
