[    1569ms] [INFO] %cDownload the React DevTools for a better development experience: https://react.dev/link/react-devtools font-weight:bold @ http://localhost:3000/_next/static/chunks/166g_next_dist_0yxsnqj._.js:2477
[    1632ms] [LOG] [HMR] connected @ http://localhost:3000/_next/static/chunks/166g_next_dist_0yxsnqj._.js:2477
[    1771ms] [ERROR] Failed to load resource: the server responded with a status of 401 (Unauthorized) @ http://localhost:3001/auth/refresh:0
[    1925ms] [WARNING] Image with src "/images/logo.png" has either width or height modified, but not the other. If you use CSS to change the size of your image, also include the styles 'width: "auto"' or 'height: "auto"' to maintain the aspect ratio. @ http://localhost:3000/_next/static/chunks/166g_next_dist_0yxsnqj._.js:2477
[   84931ms] [LOG] [Fast Refresh] rebuilding @ http://localhost:3000/_next/static/chunks/166g_next_dist_0yxsnqj._.js:2477
[   84998ms] [LOG] [Fast Refresh] done in 167ms @ http://localhost:3000/_next/static/chunks/166g_next_dist_0yxsnqj._.js:2477
[  611990ms] [LOG] [Fast Refresh] rebuilding @ http://localhost:3000/_next/static/chunks/166g_next_dist_0yxsnqj._.js:2477
[  611993ms] [LOG] [Fast Refresh] done in 103ms @ http://localhost:3000/_next/static/chunks/166g_next_dist_0yxsnqj._.js:2477
[  624812ms] [LOG] [Fast Refresh] rebuilding @ http://localhost:3000/_next/static/chunks/166g_next_dist_0yxsnqj._.js:2477
[  624856ms] [LOG] [Fast Refresh] done in 141ms @ http://localhost:3000/_next/static/chunks/166g_next_dist_0yxsnqj._.js:2477
[  631473ms] [LOG] [Fast Refresh] rebuilding @ http://localhost:3000/_next/static/chunks/166g_next_dist_0yxsnqj._.js:2477
[  631487ms] [LOG] [Fast Refresh] done in 78ms @ http://localhost:3000/_next/static/chunks/166g_next_dist_0yxsnqj._.js:2477
[  932272ms] [LOG] [Fast Refresh] rebuilding @ http://localhost:3000/_next/static/chunks/166g_next_dist_0yxsnqj._.js:2477
[  932276ms] [LOG] [Fast Refresh] done in 107ms @ http://localhost:3000/_next/static/chunks/166g_next_dist_0yxsnqj._.js:2477
[  978853ms] [LOG] [Fast Refresh] rebuilding @ http://localhost:3000/_next/static/chunks/166g_next_dist_0yxsnqj._.js:2477
[  978876ms] [LOG] [Fast Refresh] done in 125ms @ http://localhost:3000/_next/static/chunks/166g_next_dist_0yxsnqj._.js:2477
[ 1051449ms] [LOG] [Fast Refresh] rebuilding @ http://localhost:3000/_next/static/chunks/166g_next_dist_0yxsnqj._.js:2477
[ 1051457ms] [LOG] [Fast Refresh] done in 110ms @ http://localhost:3000/_next/static/chunks/166g_next_dist_0yxsnqj._.js:2477
[ 1180449ms] [LOG] [Fast Refresh] rebuilding @ http://localhost:3000/_next/static/chunks/166g_next_dist_0yxsnqj._.js:2477
[ 1180478ms] [LOG] [Fast Refresh] done in 132ms @ http://localhost:3000/_next/static/chunks/166g_next_dist_0yxsnqj._.js:2477
[ 1195982ms] [LOG] [Fast Refresh] rebuilding @ http://localhost:3000/_next/static/chunks/166g_next_dist_0yxsnqj._.js:2477
[ 1196043ms] [LOG] [Fast Refresh] done in 70ms @ http://localhost:3000/_next/static/chunks/166g_next_dist_0yxsnqj._.js:2477
[ 1196171ms] [LOG] [Fast Refresh] rebuilding @ http://localhost:3000/_next/static/chunks/166g_next_dist_0yxsnqj._.js:2477
[ 1196193ms] [LOG] [Fast Refresh] done in 124ms @ http://localhost:3000/_next/static/chunks/166g_next_dist_0yxsnqj._.js:2477
[ 1207027ms] [LOG] [Fast Refresh] rebuilding @ http://localhost:3000/_next/static/chunks/166g_next_dist_0yxsnqj._.js:2477
[ 1207127ms] [ERROR] ./code/nomo-green/frontend/app/dang-nhap/page.tsx:156:1
Unexpected token. Did you mean `{'}'}` or `&rbrace;`?
  154 | 		</div>
  155 | 	);
> 156 | }
      | ^
  157 |

Parsing ecmascript source code failed @ http://localhost:3000/_next/static/chunks/166g_next_dist_0yxsnqj._.js:3318
[ 1207314ms] [ERROR] ./code/nomo-green/frontend/app/dang-nhap/page.tsx:156:1
Unexpected token. Did you mean `{'}'}` or `&rbrace;`?
  154 | 		</div>
  155 | 	);
> 156 | }
      | ^
  157 |

Parsing ecmascript source code failed @ http://localhost:3000/_next/static/chunks/166g_next_dist_0yxsnqj._.js:3318
[ 1207388ms] [LOG] [Fast Refresh] rebuilding @ http://localhost:3000/_next/static/chunks/166g_next_dist_0yxsnqj._.js:2477
[ 1225239ms] [LOG] [Fast Refresh] rebuilding @ http://localhost:3000/_next/static/chunks/166g_next_dist_0yxsnqj._.js:2477
[ 1225399ms] [ERROR] ./code/nomo-green/frontend/app/dang-nhap/page.tsx:156:1
Unexpected token. Did you mean `{'}'}` or `&rbrace;`?
  154 | 		</div>
  155 | 	);
> 156 | }
      | ^
  157 |

Parsing ecmascript source code failed @ http://localhost:3000/_next/static/chunks/166g_next_dist_0yxsnqj._.js:3318
[ 1225730ms] [LOG] [Fast Refresh] rebuilding @ http://localhost:3000/_next/static/chunks/166g_next_dist_0yxsnqj._.js:2477
[ 1225730ms] [LOG] [Fast Refresh] done in 1ms @ http://localhost:3000/_next/static/chunks/166g_next_dist_0yxsnqj._.js:2477
[ 1226932ms] [LOG] [Fast Refresh] rebuilding @ http://localhost:3000/_next/static/chunks/166g_next_dist_0yxsnqj._.js:2477
[ 1226997ms] [LOG] [Fast Refresh] done in 166ms @ http://localhost:3000/_next/static/chunks/166g_next_dist_0yxsnqj._.js:2477
[ 1227829ms] [LOG] [Fast Refresh] rebuilding @ http://localhost:3000/_next/static/chunks/166g_next_dist_0yxsnqj._.js:2477
[ 1227882ms] [LOG] [Fast Refresh] done in 154ms @ http://localhost:3000/_next/static/chunks/166g_next_dist_0yxsnqj._.js:2477
[ 1235776ms] [LOG] [Fast Refresh] rebuilding @ http://localhost:3000/_next/static/chunks/166g_next_dist_0yxsnqj._.js:2477
[ 1235828ms] [LOG] [Fast Refresh] done in 112ms @ http://localhost:3000/_next/static/chunks/166g_next_dist_0yxsnqj._.js:2477
[ 1235947ms] [LOG] [Fast Refresh] rebuilding @ http://localhost:3000/_next/static/chunks/166g_next_dist_0yxsnqj._.js:2477
[ 1236018ms] [LOG] [Fast Refresh] done in 174ms @ http://localhost:3000/_next/static/chunks/166g_next_dist_0yxsnqj._.js:2477
[ 1242701ms] [LOG] [Fast Refresh] rebuilding @ http://localhost:3000/_next/static/chunks/166g_next_dist_0yxsnqj._.js:2477
[ 1242783ms] [ERROR] ./code/nomo-green/frontend/app/dang-ky/page.tsx:47:1
Unexpected token. Did you mean `{'}'}` or `&rbrace;`?
  45 | 		</main>
  46 | 	);
> 47 | }
     | ^
  48 |

Parsing ecmascript source code failed @ http://localhost:3000/_next/static/chunks/166g_next_dist_0yxsnqj._.js:3318
[ 1258909ms] [LOG] [Fast Refresh] rebuilding @ http://localhost:3000/_next/static/chunks/166g_next_dist_0yxsnqj._.js:2477
[ 1259465ms] [LOG] [Fast Refresh] done in 388ms @ http://localhost:3000/_next/static/chunks/166g_next_dist_0yxsnqj._.js:2477
[ 1260998ms] [LOG] [Fast Refresh] rebuilding @ http://localhost:3000/_next/static/chunks/166g_next_dist_0yxsnqj._.js:2477
[ 1261318ms] [LOG] [Fast Refresh] done in 421ms @ http://localhost:3000/_next/static/chunks/166g_next_dist_0yxsnqj._.js:2477
[ 1262078ms] [LOG] [Fast Refresh] rebuilding @ http://localhost:3000/_next/static/chunks/166g_next_dist_0yxsnqj._.js:2477
[ 1262105ms] [LOG] [Fast Refresh] done in 128ms @ http://localhost:3000/_next/static/chunks/166g_next_dist_0yxsnqj._.js:2477
[ 1358209ms] [LOG] [Fast Refresh] rebuilding @ http://localhost:3000/_next/static/chunks/166g_next_dist_0yxsnqj._.js:2477
[ 1358227ms] [LOG] [Fast Refresh] done in 120ms @ http://localhost:3000/_next/static/chunks/166g_next_dist_0yxsnqj._.js:2477
[ 1360558ms] [LOG] [Fast Refresh] rebuilding @ http://localhost:3000/_next/static/chunks/166g_next_dist_0yxsnqj._.js:2477
[ 1362919ms] [LOG] [Fast Refresh] done in 2462ms @ http://localhost:3000/_next/static/chunks/166g_next_dist_0yxsnqj._.js:2477
[ 1378487ms] [LOG] [Fast Refresh] rebuilding @ http://localhost:3000/_next/static/chunks/166g_next_dist_0yxsnqj._.js:2477
[ 1378620ms] [LOG] [Fast Refresh] done in 128ms @ http://localhost:3000/_next/static/chunks/166g_next_dist_0yxsnqj._.js:2477
[ 1393450ms] [LOG] [Fast Refresh] rebuilding @ http://localhost:3000/_next/static/chunks/166g_next_dist_0yxsnqj._.js:2477
[ 1393453ms] [LOG] [Fast Refresh] done in 105ms @ http://localhost:3000/_next/static/chunks/166g_next_dist_0yxsnqj._.js:2477
[ 1394148ms] [LOG] [Fast Refresh] rebuilding @ http://localhost:3000/_next/static/chunks/166g_next_dist_0yxsnqj._.js:2477
[ 1394229ms] [LOG] [Fast Refresh] done in 183ms @ http://localhost:3000/_next/static/chunks/166g_next_dist_0yxsnqj._.js:2477
[ 1428560ms] [LOG] [Fast Refresh] rebuilding @ http://localhost:3000/_next/static/chunks/166g_next_dist_0yxsnqj._.js:2477
[ 1428741ms] [LOG] [Fast Refresh] done in 282ms @ http://localhost:3000/_next/static/chunks/166g_next_dist_0yxsnqj._.js:2477
[ 1428998ms] [LOG] [Fast Refresh] rebuilding @ http://localhost:3000/_next/static/chunks/166g_next_dist_0yxsnqj._.js:2477
[ 1429002ms] [LOG] [Fast Refresh] done in 105ms @ http://localhost:3000/_next/static/chunks/166g_next_dist_0yxsnqj._.js:2477
[ 1467630ms] [LOG] [Fast Refresh] rebuilding @ http://localhost:3000/_next/static/chunks/166g_next_dist_0yxsnqj._.js:2477
[ 1467643ms] [LOG] [Fast Refresh] done in 115ms @ http://localhost:3000/_next/static/chunks/166g_next_dist_0yxsnqj._.js:2477
[ 1467997ms] [LOG] [Fast Refresh] rebuilding @ http://localhost:3000/_next/static/chunks/166g_next_dist_0yxsnqj._.js:2477
[ 1468025ms] [LOG] [Fast Refresh] done in 130ms @ http://localhost:3000/_next/static/chunks/166g_next_dist_0yxsnqj._.js:2477
[ 1503388ms] [LOG] [Fast Refresh] rebuilding @ http://localhost:3000/_next/static/chunks/166g_next_dist_0yxsnqj._.js:2477
[ 1503409ms] [LOG] [Fast Refresh] done in 123ms @ http://localhost:3000/_next/static/chunks/166g_next_dist_0yxsnqj._.js:2477
[ 2090005ms] [LOG] [HMR] connected @ http://localhost:3000/_next/static/chunks/166g_next_dist_0yxsnqj._.js:2477
[ 2212894ms] [LOG] [Fast Refresh] rebuilding @ http://localhost:3000/_next/static/chunks/166g_next_dist_0yxsnqj._.js:2477
[ 2212991ms] [LOG] [Fast Refresh] done in 201ms @ http://localhost:3000/_next/static/chunks/166g_next_dist_0yxsnqj._.js:2477
[ 2260147ms] [LOG] [Fast Refresh] rebuilding @ http://localhost:3000/_next/static/chunks/166g_next_dist_0yxsnqj._.js:2477
[ 2260214ms] [LOG] [Fast Refresh] done in 167ms @ http://localhost:3000/_next/static/chunks/166g_next_dist_0yxsnqj._.js:2477
[ 2424214ms] [LOG] [HMR] connected @ http://localhost:3000/_next/static/chunks/166g_next_dist_0yxsnqj._.js:2477
[ 2503435ms] [LOG] [Fast Refresh] rebuilding @ http://localhost:3000/_next/static/chunks/166g_next_dist_0yxsnqj._.js:2477
[ 2504553ms] [LOG] [Fast Refresh] done in 1221ms @ http://localhost:3000/_next/static/chunks/166g_next_dist_0yxsnqj._.js:2477
[ 2804947ms] [LOG] [HMR] connected @ http://localhost:3000/_next/static/chunks/166g_next_dist_0yxsnqj._.js:2477
[ 3570247ms] [LOG] [HMR] connected @ http://localhost:3000/_next/static/chunks/166g_next_dist_0yxsnqj._.js:2477
[ 3884343ms] [LOG] [Fast Refresh] rebuilding @ http://localhost:3000/_next/static/chunks/166g_next_dist_0yxsnqj._.js:2477
[ 3884390ms] [LOG] [Fast Refresh] done in 148ms @ http://localhost:3000/_next/static/chunks/166g_next_dist_0yxsnqj._.js:2477
[ 3898988ms] [LOG] [Fast Refresh] rebuilding @ http://localhost:3000/_next/static/chunks/166g_next_dist_0yxsnqj._.js:2477
[ 3900149ms] [LOG] [Fast Refresh] done in 1264ms @ http://localhost:3000/_next/static/chunks/166g_next_dist_0yxsnqj._.js:2477
[ 4149689ms] [LOG] [HMR] connected @ http://localhost:3000/_next/static/chunks/166g_next_dist_0yxsnqj._.js:2477
[ 4641411ms] [LOG] [HMR] connected @ http://localhost:3000/_next/static/chunks/166g_next_dist_0yxsnqj._.js:2477
[ 4909474ms] [LOG] [HMR] connected @ http://localhost:3000/_next/static/chunks/166g_next_dist_0yxsnqj._.js:2477
[ 4986962ms] [LOG] [Fast Refresh] rebuilding @ http://localhost:3000/_next/static/chunks/166g_next_dist_0yxsnqj._.js:2477
[ 4987455ms] [LOG] [Fast Refresh] done in 584ms @ http://localhost:3000/_next/static/chunks/166g_next_dist_0yxsnqj._.js:2477
[ 4987596ms] [LOG] [Fast Refresh] rebuilding @ http://localhost:3000/_next/static/chunks/166g_next_dist_0yxsnqj._.js:2477
[ 4987833ms] [LOG] [Fast Refresh] done in 337ms @ http://localhost:3000/_next/static/chunks/166g_next_dist_0yxsnqj._.js:2477
[ 4989151ms] [LOG] [Fast Refresh] rebuilding @ http://localhost:3000/_next/static/chunks/166g_next_dist_0yxsnqj._.js:2477
[ 4989179ms] [LOG] [Fast Refresh] done in 128ms @ http://localhost:3000/_next/static/chunks/166g_next_dist_0yxsnqj._.js:2477
[ 5011390ms] [LOG] [Fast Refresh] rebuilding @ http://localhost:3000/_next/static/chunks/166g_next_dist_0yxsnqj._.js:2477
[ 5011406ms] [LOG] [Fast Refresh] done in 91ms @ http://localhost:3000/_next/static/chunks/166g_next_dist_0yxsnqj._.js:2477
[ 5011793ms] [LOG] [Fast Refresh] rebuilding @ http://localhost:3000/_next/static/chunks/166g_next_dist_0yxsnqj._.js:2477
[ 5011820ms] [LOG] [Fast Refresh] done in 43ms @ http://localhost:3000/_next/static/chunks/166g_next_dist_0yxsnqj._.js:2477
[ 5036605ms] [LOG] [Fast Refresh] rebuilding @ http://localhost:3000/_next/static/chunks/166g_next_dist_0yxsnqj._.js:2477
[ 5036621ms] [LOG] [Fast Refresh] done in 59ms @ http://localhost:3000/_next/static/chunks/166g_next_dist_0yxsnqj._.js:2477
[ 5072705ms] [LOG] [HMR] connected @ http://localhost:3000/_next/static/chunks/166g_next_dist_0yxsnqj._.js:2477
[ 5142475ms] [LOG] [Fast Refresh] rebuilding @ http://localhost:3000/_next/static/chunks/166g_next_dist_0yxsnqj._.js:2477
[ 5142492ms] [LOG] [Fast Refresh] done in 121ms @ http://localhost:3000/_next/static/chunks/166g_next_dist_0yxsnqj._.js:2477
[ 5142831ms] [LOG] [Fast Refresh] rebuilding @ http://localhost:3000/_next/static/chunks/166g_next_dist_0yxsnqj._.js:2477
[ 5142841ms] [LOG] [Fast Refresh] done in 63ms @ http://localhost:3000/_next/static/chunks/166g_next_dist_0yxsnqj._.js:2477
[ 5143034ms] [LOG] [Fast Refresh] rebuilding @ http://localhost:3000/_next/static/chunks/166g_next_dist_0yxsnqj._.js:2477
[ 5143080ms] [LOG] [Fast Refresh] done in 41ms @ http://localhost:3000/_next/static/chunks/166g_next_dist_0yxsnqj._.js:2477
[ 5143330ms] [LOG] [Fast Refresh] rebuilding @ http://localhost:3000/_next/static/chunks/166g_next_dist_0yxsnqj._.js:2477
[ 5143435ms] [LOG] [Fast Refresh] done in 192ms @ http://localhost:3000/_next/static/chunks/166g_next_dist_0yxsnqj._.js:2477
[ 5174224ms] [LOG] [Fast Refresh] rebuilding @ http://localhost:3000/_next/static/chunks/166g_next_dist_0yxsnqj._.js:2477
[ 5174238ms] [LOG] [Fast Refresh] done in 89ms @ http://localhost:3000/_next/static/chunks/166g_next_dist_0yxsnqj._.js:2477
[ 5174411ms] [LOG] [Fast Refresh] rebuilding @ http://localhost:3000/_next/static/chunks/166g_next_dist_0yxsnqj._.js:2477
[ 5174426ms] [LOG] [Fast Refresh] done in 62ms @ http://localhost:3000/_next/static/chunks/166g_next_dist_0yxsnqj._.js:2477
[ 5281645ms] [LOG] [HMR] connected @ http://localhost:3000/_next/static/chunks/166g_next_dist_0yxsnqj._.js:2477
[ 5927309ms] [LOG] [Fast Refresh] rebuilding @ http://localhost:3000/_next/static/chunks/166g_next_dist_0yxsnqj._.js:2477
[ 5927329ms] [LOG] [Fast Refresh] done in 121ms @ http://localhost:3000/_next/static/chunks/166g_next_dist_0yxsnqj._.js:2477
[ 5949396ms] [LOG] [Fast Refresh] rebuilding @ http://localhost:3000/_next/static/chunks/166g_next_dist_0yxsnqj._.js:2477
[ 5949407ms] [LOG] [Fast Refresh] done in 96ms @ http://localhost:3000/_next/static/chunks/166g_next_dist_0yxsnqj._.js:2477
[ 5971483ms] [LOG] [Fast Refresh] rebuilding @ http://localhost:3000/_next/static/chunks/166g_next_dist_0yxsnqj._.js:2477
[ 5971496ms] [LOG] [Fast Refresh] done in 92ms @ http://localhost:3000/_next/static/chunks/166g_next_dist_0yxsnqj._.js:2477
[ 5973954ms] [LOG] [HMR] connected @ http://localhost:3000/_next/static/chunks/166g_next_dist_0yxsnqj._.js:2477
[ 5973997ms] [LOG] [Fast Refresh] done in 92ms @ http://localhost:3000/_next/static/chunks/166g_next_dist_0yxsnqj._.js:2477
[ 5989378ms] [LOG] [Fast Refresh] rebuilding @ http://localhost:3000/_next/static/chunks/166g_next_dist_0yxsnqj._.js:2477
[ 5989401ms] [LOG] [Fast Refresh] done in 120ms @ http://localhost:3000/_next/static/chunks/166g_next_dist_0yxsnqj._.js:2477
[ 6053007ms] [LOG] [Fast Refresh] rebuilding @ http://localhost:3000/_next/static/chunks/166g_next_dist_0yxsnqj._.js:2477
[ 6053008ms] [LOG] [Fast Refresh] done in 84ms @ http://localhost:3000/_next/static/chunks/166g_next_dist_0yxsnqj._.js:2477
[ 6130782ms] [LOG] [HMR] connected @ http://localhost:3000/_next/static/chunks/166g_next_dist_0yxsnqj._.js:2477
[ 6130832ms] [LOG] [Fast Refresh] done in 84ms @ http://localhost:3000/_next/static/chunks/166g_next_dist_0yxsnqj._.js:2477
[ 6694998ms] [LOG] [HMR] connected @ http://localhost:3000/_next/static/chunks/166g_next_dist_0yxsnqj._.js:2477
[ 6854488ms] [LOG] [HMR] connected @ http://localhost:3000/_next/static/chunks/166g_next_dist_0yxsnqj._.js:2477
[ 7155949ms] [LOG] [HMR] connected @ http://localhost:3000/_next/static/chunks/166g_next_dist_0yxsnqj._.js:2477
[ 7528715ms] [LOG] [HMR] connected @ http://localhost:3000/_next/static/chunks/166g_next_dist_0yxsnqj._.js:2477
[36418116ms] [LOG] [HMR] connected @ http://localhost:3000/_next/static/chunks/166g_next_dist_0yxsnqj._.js:2477
[57208307ms] [LOG] [HMR] connected @ http://localhost:3000/_next/static/chunks/166g_next_dist_0yxsnqj._.js:2477
[57208466ms] [LOG] [Fast Refresh] rebuilding @ http://localhost:3000/_next/static/chunks/166g_next_dist_0yxsnqj._.js:2477
[57208493ms] [LOG] [Fast Refresh] done in 129ms @ http://localhost:3000/_next/static/chunks/166g_next_dist_0yxsnqj._.js:2477
[58115762ms] [LOG] [HMR] connected @ http://localhost:3000/_next/static/chunks/166g_next_dist_0yxsnqj._.js:2477
[62412664ms] [LOG] [Fast Refresh] rebuilding @ http://localhost:3000/_next/static/chunks/166g_next_dist_0yxsnqj._.js:2477
[62413601ms] [LOG] [Fast Refresh] done in 1043ms @ http://localhost:3000/_next/static/chunks/166g_next_dist_0yxsnqj._.js:2477
[62413707ms] [LOG] [Fast Refresh] rebuilding @ http://localhost:3000/_next/static/chunks/166g_next_dist_0yxsnqj._.js:2477
[62416343ms] [LOG] [Fast Refresh] done in 2738ms @ http://localhost:3000/_next/static/chunks/166g_next_dist_0yxsnqj._.js:2477
[64993918ms] [LOG] [HMR] connected @ http://localhost:3000/_next/static/chunks/166g_next_dist_0yxsnqj._.js:2477
[69040947ms] [LOG] [Fast Refresh] rebuilding @ http://localhost:3000/_next/static/chunks/166g_next_dist_0yxsnqj._.js:2477
[69041221ms] [LOG] [Fast Refresh] done in 378ms @ http://localhost:3000/_next/static/chunks/166g_next_dist_0yxsnqj._.js:2477
[85381737ms] [LOG] [Fast Refresh] rebuilding @ http://localhost:3000/_next/static/chunks/166g_next_dist_0yxsnqj._.js:2477
[85382468ms] [LOG] [Fast Refresh] done in 834ms @ http://localhost:3000/_next/static/chunks/166g_next_dist_0yxsnqj._.js:2477
[85385485ms] [LOG] [Fast Refresh] rebuilding @ http://localhost:3000/_next/static/chunks/166g_next_dist_0yxsnqj._.js:2477
[85385506ms] [LOG] [Fast Refresh] done in 125ms @ http://localhost:3000/_next/static/chunks/166g_next_dist_0yxsnqj._.js:2477
[85385608ms] [LOG] [Fast Refresh] rebuilding @ http://localhost:3000/_next/static/chunks/166g_next_dist_0yxsnqj._.js:2477
[85385666ms] [LOG] [Fast Refresh] done in 160ms @ http://localhost:3000/_next/static/chunks/166g_next_dist_0yxsnqj._.js:2477
[85403135ms] [LOG] [Fast Refresh] rebuilding @ http://localhost:3000/_next/static/chunks/166g_next_dist_0yxsnqj._.js:2477
[85404110ms] [LOG] [Fast Refresh] done in 1049ms @ http://localhost:3000/_next/static/chunks/166g_next_dist_0yxsnqj._.js:2477
[85404764ms] [LOG] [Fast Refresh] rebuilding @ http://localhost:3000/_next/static/chunks/166g_next_dist_0yxsnqj._.js:2477
[85404908ms] [LOG] [Fast Refresh] done in 246ms @ http://localhost:3000/_next/static/chunks/166g_next_dist_0yxsnqj._.js:2477
[85446480ms] [LOG] [Fast Refresh] rebuilding @ http://localhost:3000/_next/static/chunks/166g_next_dist_0yxsnqj._.js:2477
[85446502ms] [LOG] [Fast Refresh] done in 124ms @ http://localhost:3000/_next/static/chunks/166g_next_dist_0yxsnqj._.js:2477
[85515087ms] [LOG] [Fast Refresh] rebuilding @ http://localhost:3000/_next/static/chunks/166g_next_dist_0yxsnqj._.js:2477
[85516174ms] [LOG] [Fast Refresh] done in 1188ms @ http://localhost:3000/_next/static/chunks/166g_next_dist_0yxsnqj._.js:2477
[85539885ms] [LOG] [Fast Refresh] rebuilding @ http://localhost:3000/_next/static/chunks/166g_next_dist_0yxsnqj._.js:2477
[85541544ms] [LOG] [Fast Refresh] done in 1767ms @ http://localhost:3000/_next/static/chunks/166g_next_dist_0yxsnqj._.js:2477
[85763879ms] [LOG] [Fast Refresh] rebuilding @ http://localhost:3000/_next/static/chunks/166g_next_dist_0yxsnqj._.js:2477
[85763890ms] [LOG] [Fast Refresh] done in 113ms @ http://localhost:3000/_next/static/chunks/166g_next_dist_0yxsnqj._.js:2477
[85764645ms] [LOG] [Fast Refresh] rebuilding @ http://localhost:3000/_next/static/chunks/166g_next_dist_0yxsnqj._.js:2477
[85764685ms] [LOG] [Fast Refresh] done in 140ms @ http://localhost:3000/_next/static/chunks/166g_next_dist_0yxsnqj._.js:2477
[85900409ms] [LOG] [Fast Refresh] rebuilding @ http://localhost:3000/_next/static/chunks/166g_next_dist_0yxsnqj._.js:2477
[85900411ms] [LOG] [Fast Refresh] done in 103ms @ http://localhost:3000/_next/static/chunks/166g_next_dist_0yxsnqj._.js:2477
[85906698ms] [LOG] [Fast Refresh] rebuilding @ http://localhost:3000/_next/static/chunks/166g_next_dist_0yxsnqj._.js:2477
[85906749ms] [LOG] [Fast Refresh] done in 152ms @ http://localhost:3000/_next/static/chunks/166g_next_dist_0yxsnqj._.js:2477
[85907365ms] [LOG] [Fast Refresh] rebuilding @ http://localhost:3000/_next/static/chunks/166g_next_dist_0yxsnqj._.js:2477
[85907384ms] [LOG] [Fast Refresh] done in 120ms @ http://localhost:3000/_next/static/chunks/166g_next_dist_0yxsnqj._.js:2477
[85950158ms] [LOG] [Fast Refresh] rebuilding @ http://localhost:3000/_next/static/chunks/166g_next_dist_0yxsnqj._.js:2477
[85950172ms] [LOG] [Fast Refresh] done in 117ms @ http://localhost:3000/_next/static/chunks/166g_next_dist_0yxsnqj._.js:2477
[85951031ms] [LOG] [Fast Refresh] rebuilding @ http://localhost:3000/_next/static/chunks/166g_next_dist_0yxsnqj._.js:2477
[85951060ms] [LOG] [Fast Refresh] done in 132ms @ http://localhost:3000/_next/static/chunks/166g_next_dist_0yxsnqj._.js:2477
[85955277ms] [LOG] [Fast Refresh] rebuilding @ http://localhost:3000/_next/static/chunks/166g_next_dist_0yxsnqj._.js:2477
[85955324ms] [LOG] [Fast Refresh] done in 148ms @ http://localhost:3000/_next/static/chunks/166g_next_dist_0yxsnqj._.js:2477
[85960273ms] [LOG] [Fast Refresh] rebuilding @ http://localhost:3000/_next/static/chunks/166g_next_dist_0yxsnqj._.js:2477
[85963224ms] [LOG] [Fast Refresh] done in 3052ms @ http://localhost:3000/_next/static/chunks/166g_next_dist_0yxsnqj._.js:2477
[85964336ms] [LOG] [Fast Refresh] rebuilding @ http://localhost:3000/_next/static/chunks/166g_next_dist_0yxsnqj._.js:2477
[85964354ms] [LOG] [Fast Refresh] done in 121ms @ http://localhost:3000/_next/static/chunks/166g_next_dist_0yxsnqj._.js:2477
[85968142ms] [LOG] [Fast Refresh] rebuilding @ http://localhost:3000/_next/static/chunks/166g_next_dist_0yxsnqj._.js:2477
[85968191ms] [LOG] [Fast Refresh] done in 150ms @ http://localhost:3000/_next/static/chunks/166g_next_dist_0yxsnqj._.js:2477
[86088960ms] [LOG] [Fast Refresh] rebuilding @ http://localhost:3000/_next/static/chunks/166g_next_dist_0yxsnqj._.js:2477
[86089025ms] [LOG] [Fast Refresh] done in 168ms @ http://localhost:3000/_next/static/chunks/166g_next_dist_0yxsnqj._.js:2477
[86170261ms] [LOG] [Fast Refresh] rebuilding @ http://localhost:3000/_next/static/chunks/166g_next_dist_0yxsnqj._.js:2477
[86170265ms] [LOG] [Fast Refresh] done in 107ms @ http://localhost:3000/_next/static/chunks/166g_next_dist_0yxsnqj._.js:2477
[86184550ms] [LOG] [Fast Refresh] rebuilding @ http://localhost:3000/_next/static/chunks/166g_next_dist_0yxsnqj._.js:2477
[86184696ms] [LOG] [Fast Refresh] done in 198ms @ http://localhost:3000/_next/static/chunks/166g_next_dist_0yxsnqj._.js:2477
[86215077ms] [LOG] [Fast Refresh] rebuilding @ http://localhost:3000/_next/static/chunks/166g_next_dist_0yxsnqj._.js:2477
[86215110ms] [LOG] [Fast Refresh] done in 116ms @ http://localhost:3000/_next/static/chunks/166g_next_dist_0yxsnqj._.js:2477
[86223898ms] [LOG] [Fast Refresh] rebuilding @ http://localhost:3000/_next/static/chunks/166g_next_dist_0yxsnqj._.js:2477
[86223993ms] [LOG] [Fast Refresh] done in 179ms @ http://localhost:3000/_next/static/chunks/166g_next_dist_0yxsnqj._.js:2477
[86234715ms] [LOG] [Fast Refresh] rebuilding @ http://localhost:3000/_next/static/chunks/166g_next_dist_0yxsnqj._.js:2477
[86234749ms] [LOG] [Fast Refresh] done in 58ms @ http://localhost:3000/_next/static/chunks/166g_next_dist_0yxsnqj._.js:2477
[86236382ms] [LOG] [Fast Refresh] rebuilding @ http://localhost:3000/_next/static/chunks/166g_next_dist_0yxsnqj._.js:2477
[86236386ms] [LOG] [Fast Refresh] done in 106ms @ http://localhost:3000/_next/static/chunks/166g_next_dist_0yxsnqj._.js:2477
[86252726ms] [LOG] [Fast Refresh] rebuilding @ http://localhost:3000/_next/static/chunks/166g_next_dist_0yxsnqj._.js:2477
[86253068ms] [LOG] [Fast Refresh] done in 305ms @ http://localhost:3000/_next/static/chunks/166g_next_dist_0yxsnqj._.js:2477
[86253369ms] [LOG] [Fast Refresh] rebuilding @ http://localhost:3000/_next/static/chunks/166g_next_dist_0yxsnqj._.js:2477
[86253374ms] [LOG] [Fast Refresh] done in 106ms @ http://localhost:3000/_next/static/chunks/166g_next_dist_0yxsnqj._.js:2477
[86253543ms] [LOG] [Fast Refresh] rebuilding @ http://localhost:3000/_next/static/chunks/166g_next_dist_0yxsnqj._.js:2477
[86253986ms] [LOG] [Fast Refresh] done in 274ms @ http://localhost:3000/_next/static/chunks/166g_next_dist_0yxsnqj._.js:2477
[86254525ms] [LOG] [Fast Refresh] rebuilding @ http://localhost:3000/_next/static/chunks/166g_next_dist_0yxsnqj._.js:2477
[86254809ms] [LOG] [Fast Refresh] done in 386ms @ http://localhost:3000/_next/static/chunks/166g_next_dist_0yxsnqj._.js:2477
[86255563ms] [LOG] [Fast Refresh] rebuilding @ http://localhost:3000/_next/static/chunks/166g_next_dist_0yxsnqj._.js:2477
[86255636ms] [LOG] [Fast Refresh] done in 175ms @ http://localhost:3000/_next/static/chunks/166g_next_dist_0yxsnqj._.js:2477
[86255737ms] [LOG] [Fast Refresh] rebuilding @ http://localhost:3000/_next/static/chunks/166g_next_dist_0yxsnqj._.js:2477
[86256415ms] [LOG] [Fast Refresh] done in 700ms @ http://localhost:3000/_next/static/chunks/166g_next_dist_0yxsnqj._.js:2477
[86256515ms] [LOG] [Fast Refresh] rebuilding @ http://localhost:3000/_next/static/chunks/166g_next_dist_0yxsnqj._.js:2477
[86256690ms] [LOG] [Fast Refresh] done in 275ms @ http://localhost:3000/_next/static/chunks/166g_next_dist_0yxsnqj._.js:2477
[86257107ms] [LOG] [Fast Refresh] rebuilding @ http://localhost:3000/_next/static/chunks/166g_next_dist_0yxsnqj._.js:2477
[86257130ms] [LOG] [Fast Refresh] done in 123ms @ http://localhost:3000/_next/static/chunks/166g_next_dist_0yxsnqj._.js:2477
[86257404ms] [LOG] [Fast Refresh] rebuilding @ http://localhost:3000/_next/static/chunks/166g_next_dist_0yxsnqj._.js:2477
[86257422ms] [LOG] [Fast Refresh] done in 119ms @ http://localhost:3000/_next/static/chunks/166g_next_dist_0yxsnqj._.js:2477
[86263906ms] [LOG] [Fast Refresh] rebuilding @ http://localhost:3000/_next/static/chunks/166g_next_dist_0yxsnqj._.js:2477
[86263939ms] [LOG] [Fast Refresh] done in 133ms @ http://localhost:3000/_next/static/chunks/166g_next_dist_0yxsnqj._.js:2477
[86265752ms] [LOG] [Fast Refresh] rebuilding @ http://localhost:3000/_next/static/chunks/166g_next_dist_0yxsnqj._.js:2477
[86265812ms] [LOG] [Fast Refresh] done in 161ms @ http://localhost:3000/_next/static/chunks/166g_next_dist_0yxsnqj._.js:2477
[86265944ms] [LOG] [Fast Refresh] rebuilding @ http://localhost:3000/_next/static/chunks/166g_next_dist_0yxsnqj._.js:2477
[86265980ms] [LOG] [Fast Refresh] done in 137ms @ http://localhost:3000/_next/static/chunks/166g_next_dist_0yxsnqj._.js:2477
[86267236ms] [LOG] [Fast Refresh] rebuilding @ http://localhost:3000/_next/static/chunks/166g_next_dist_0yxsnqj._.js:2477
[86267303ms] [LOG] [Fast Refresh] done in 167ms @ http://localhost:3000/_next/static/chunks/166g_next_dist_0yxsnqj._.js:2477
[86269271ms] [LOG] [Fast Refresh] rebuilding @ http://localhost:3000/_next/static/chunks/166g_next_dist_0yxsnqj._.js:2477
[86269615ms] [LOG] [Fast Refresh] done in 445ms @ http://localhost:3000/_next/static/chunks/166g_next_dist_0yxsnqj._.js:2477
[86270269ms] [LOG] [Fast Refresh] rebuilding @ http://localhost:3000/_next/static/chunks/166g_next_dist_0yxsnqj._.js:2477
[86270436ms] [LOG] [Fast Refresh] done in 267ms @ http://localhost:3000/_next/static/chunks/166g_next_dist_0yxsnqj._.js:2477
[86272918ms] [LOG] [Fast Refresh] rebuilding @ http://localhost:3000/_next/static/chunks/166g_next_dist_0yxsnqj._.js:2477
[86272966ms] [LOG] [Fast Refresh] done in 148ms @ http://localhost:3000/_next/static/chunks/166g_next_dist_0yxsnqj._.js:2477
[86275186ms] [LOG] [Fast Refresh] rebuilding @ http://localhost:3000/_next/static/chunks/166g_next_dist_0yxsnqj._.js:2477
[86275193ms] [LOG] [Fast Refresh] done in 109ms @ http://localhost:3000/_next/static/chunks/166g_next_dist_0yxsnqj._.js:2477
[86277155ms] [LOG] [Fast Refresh] rebuilding @ http://localhost:3000/_next/static/chunks/166g_next_dist_0yxsnqj._.js:2477
[86277161ms] [LOG] [Fast Refresh] done in 107ms @ http://localhost:3000/_next/static/chunks/166g_next_dist_0yxsnqj._.js:2477
[86281290ms] [LOG] [Fast Refresh] rebuilding @ http://localhost:3000/_next/static/chunks/166g_next_dist_0yxsnqj._.js:2477
[86281291ms] [LOG] [Fast Refresh] done in 102ms @ http://localhost:3000/_next/static/chunks/166g_next_dist_0yxsnqj._.js:2477
[86282083ms] [LOG] [Fast Refresh] rebuilding @ http://localhost:3000/_next/static/chunks/166g_next_dist_0yxsnqj._.js:2477
[86282115ms] [LOG] [Fast Refresh] done in 133ms @ http://localhost:3000/_next/static/chunks/166g_next_dist_0yxsnqj._.js:2477
[86284918ms] [LOG] [Fast Refresh] rebuilding @ http://localhost:3000/_next/static/chunks/166g_next_dist_0yxsnqj._.js:2477
[86285416ms] [LOG] [Fast Refresh] done in 600ms @ http://localhost:3000/_next/static/chunks/166g_next_dist_0yxsnqj._.js:2477
[86285659ms] [LOG] [Fast Refresh] rebuilding @ http://localhost:3000/_next/static/chunks/166g_next_dist_0yxsnqj._.js:2477
[86285991ms] [LOG] [Fast Refresh] done in 434ms @ http://localhost:3000/_next/static/chunks/166g_next_dist_0yxsnqj._.js:2477
[86287309ms] [LOG] [Fast Refresh] rebuilding @ http://localhost:3000/_next/static/chunks/166g_next_dist_0yxsnqj._.js:2477
[86287348ms] [LOG] [Fast Refresh] done in 141ms @ http://localhost:3000/_next/static/chunks/166g_next_dist_0yxsnqj._.js:2477
[86293436ms] [LOG] [Fast Refresh] rebuilding @ http://localhost:3000/_next/static/chunks/166g_next_dist_0yxsnqj._.js:2477
[86293488ms] [LOG] [Fast Refresh] done in 152ms @ http://localhost:3000/_next/static/chunks/166g_next_dist_0yxsnqj._.js:2477
[86293840ms] [LOG] [Fast Refresh] rebuilding @ http://localhost:3000/_next/static/chunks/166g_next_dist_0yxsnqj._.js:2477
[86293870ms] [LOG] [Fast Refresh] done in 132ms @ http://localhost:3000/_next/static/chunks/166g_next_dist_0yxsnqj._.js:2477
[86294188ms] [LOG] [Fast Refresh] rebuilding @ http://localhost:3000/_next/static/chunks/166g_next_dist_0yxsnqj._.js:2477
[86294189ms] [LOG] [Fast Refresh] done in 102ms @ http://localhost:3000/_next/static/chunks/166g_next_dist_0yxsnqj._.js:2477
[86295041ms] [LOG] [Fast Refresh] rebuilding @ http://localhost:3000/_next/static/chunks/166g_next_dist_0yxsnqj._.js:2477
[86295063ms] [LOG] [Fast Refresh] done in 123ms @ http://localhost:3000/_next/static/chunks/166g_next_dist_0yxsnqj._.js:2477
[86297985ms] [LOG] [Fast Refresh] rebuilding @ http://localhost:3000/_next/static/chunks/166g_next_dist_0yxsnqj._.js:2477
[86298041ms] [LOG] [Fast Refresh] done in 156ms @ http://localhost:3000/_next/static/chunks/166g_next_dist_0yxsnqj._.js:2477
[86298671ms] [LOG] [Fast Refresh] rebuilding @ http://localhost:3000/_next/static/chunks/166g_next_dist_0yxsnqj._.js:2477
[86298713ms] [LOG] [Fast Refresh] done in 142ms @ http://localhost:3000/_next/static/chunks/166g_next_dist_0yxsnqj._.js:2477
[86299838ms] [LOG] [Fast Refresh] rebuilding @ http://localhost:3000/_next/static/chunks/166g_next_dist_0yxsnqj._.js:2477
[86299854ms] [LOG] [Fast Refresh] done in 117ms @ http://localhost:3000/_next/static/chunks/166g_next_dist_0yxsnqj._.js:2477
[86300348ms] [LOG] [Fast Refresh] rebuilding @ http://localhost:3000/_next/static/chunks/166g_next_dist_0yxsnqj._.js:2477
[86300381ms] [LOG] [Fast Refresh] done in 133ms @ http://localhost:3000/_next/static/chunks/166g_next_dist_0yxsnqj._.js:2477
[86302423ms] [LOG] [Fast Refresh] rebuilding @ http://localhost:3000/_next/static/chunks/166g_next_dist_0yxsnqj._.js:2477
[86302465ms] [LOG] [Fast Refresh] done in 143ms @ http://localhost:3000/_next/static/chunks/166g_next_dist_0yxsnqj._.js:2477
[86303763ms] [LOG] [Fast Refresh] rebuilding @ http://localhost:3000/_next/static/chunks/166g_next_dist_0yxsnqj._.js:2477
[86303789ms] [LOG] [Fast Refresh] done in 128ms @ http://localhost:3000/_next/static/chunks/166g_next_dist_0yxsnqj._.js:2477
[86305933ms] [LOG] [Fast Refresh] rebuilding @ http://localhost:3000/_next/static/chunks/166g_next_dist_0yxsnqj._.js:2477
[86306280ms] [LOG] [Fast Refresh] done in 448ms @ http://localhost:3000/_next/static/chunks/166g_next_dist_0yxsnqj._.js:2477
[86307677ms] [LOG] [Fast Refresh] rebuilding @ http://localhost:3000/_next/static/chunks/166g_next_dist_0yxsnqj._.js:2477
[86307829ms] [LOG] [Fast Refresh] done in 253ms @ http://localhost:3000/_next/static/chunks/166g_next_dist_0yxsnqj._.js:2477
[86308029ms] [LOG] [Fast Refresh] rebuilding @ http://localhost:3000/_next/static/chunks/166g_next_dist_0yxsnqj._.js:2477
[86308112ms] [LOG] [Fast Refresh] done in 183ms @ http://localhost:3000/_next/static/chunks/166g_next_dist_0yxsnqj._.js:2477
[86308413ms] [LOG] [Fast Refresh] rebuilding @ http://localhost:3000/_next/static/chunks/166g_next_dist_0yxsnqj._.js:2477
[86308753ms] [LOG] [Fast Refresh] done in 441ms @ http://localhost:3000/_next/static/chunks/166g_next_dist_0yxsnqj._.js:2477
[86309318ms] [LOG] [Fast Refresh] rebuilding @ http://localhost:3000/_next/static/chunks/166g_next_dist_0yxsnqj._.js:2477
[86309362ms] [LOG] [Fast Refresh] done in 145ms @ http://localhost:3000/_next/static/chunks/166g_next_dist_0yxsnqj._.js:2477
[86309654ms] [LOG] [Fast Refresh] rebuilding @ http://localhost:3000/_next/static/chunks/166g_next_dist_0yxsnqj._.js:2477
[86309755ms] [LOG] [Fast Refresh] done in 203ms @ http://localhost:3000/_next/static/chunks/166g_next_dist_0yxsnqj._.js:2477
[86310020ms] [LOG] [Fast Refresh] rebuilding @ http://localhost:3000/_next/static/chunks/166g_next_dist_0yxsnqj._.js:2477
[86310119ms] [LOG] [Fast Refresh] done in 201ms @ http://localhost:3000/_next/static/chunks/166g_next_dist_0yxsnqj._.js:2477
[86311957ms] [LOG] [Fast Refresh] rebuilding @ http://localhost:3000/_next/static/chunks/166g_next_dist_0yxsnqj._.js:2477
[86312132ms] [LOG] [Fast Refresh] done in 276ms @ http://localhost:3000/_next/static/chunks/166g_next_dist_0yxsnqj._.js:2477
[86312424ms] [LOG] [Fast Refresh] rebuilding @ http://localhost:3000/_next/static/chunks/166g_next_dist_0yxsnqj._.js:2477
[86312470ms] [LOG] [Fast Refresh] done in 147ms @ http://localhost:3000/_next/static/chunks/166g_next_dist_0yxsnqj._.js:2477
[86312674ms] [LOG] [Fast Refresh] rebuilding @ http://localhost:3000/_next/static/chunks/166g_next_dist_0yxsnqj._.js:2477
[86312692ms] [LOG] [Fast Refresh] done in 120ms @ http://localhost:3000/_next/static/chunks/166g_next_dist_0yxsnqj._.js:2477
[86312807ms] [LOG] [Fast Refresh] rebuilding @ http://localhost:3000/_next/static/chunks/166g_next_dist_0yxsnqj._.js:2477
[86312829ms] [LOG] [Fast Refresh] done in 123ms @ http://localhost:3000/_next/static/chunks/166g_next_dist_0yxsnqj._.js:2477
[86312931ms] [LOG] [Fast Refresh] rebuilding @ http://localhost:3000/_next/static/chunks/166g_next_dist_0yxsnqj._.js:2477
[86312948ms] [LOG] [Fast Refresh] done in 118ms @ http://localhost:3000/_next/static/chunks/166g_next_dist_0yxsnqj._.js:2477
[86314193ms] [LOG] [Fast Refresh] rebuilding @ http://localhost:3000/_next/static/chunks/166g_next_dist_0yxsnqj._.js:2477
[86314547ms] [LOG] [Fast Refresh] done in 454ms @ http://localhost:3000/_next/static/chunks/166g_next_dist_0yxsnqj._.js:2477
[86314726ms] [LOG] [Fast Refresh] rebuilding @ http://localhost:3000/_next/static/chunks/166g_next_dist_0yxsnqj._.js:2477
[86314801ms] [LOG] [Fast Refresh] done in 178ms @ http://localhost:3000/_next/static/chunks/166g_next_dist_0yxsnqj._.js:2477
[86318477ms] [LOG] [Fast Refresh] rebuilding @ http://localhost:3000/_next/static/chunks/166g_next_dist_0yxsnqj._.js:2477
[86318490ms] [LOG] [Fast Refresh] done in 115ms @ http://localhost:3000/_next/static/chunks/166g_next_dist_0yxsnqj._.js:2477
[86326852ms] [LOG] [Fast Refresh] rebuilding @ http://localhost:3000/_next/static/chunks/166g_next_dist_0yxsnqj._.js:2477
[86327506ms] [LOG] [Fast Refresh] done in 758ms @ http://localhost:3000/_next/static/chunks/166g_next_dist_0yxsnqj._.js:2477
[86328960ms] [LOG] [Fast Refresh] rebuilding @ http://localhost:3000/_next/static/chunks/166g_next_dist_0yxsnqj._.js:2477
[86329035ms] [LOG] [Fast Refresh] done in 175ms @ http://localhost:3000/_next/static/chunks/166g_next_dist_0yxsnqj._.js:2477
[86329457ms] [LOG] [Fast Refresh] rebuilding @ http://localhost:3000/_next/static/chunks/166g_next_dist_0yxsnqj._.js:2477
[86329488ms] [LOG] [Fast Refresh] done in 131ms @ http://localhost:3000/_next/static/chunks/166g_next_dist_0yxsnqj._.js:2477
[86331317ms] [LOG] [Fast Refresh] rebuilding @ http://localhost:3000/_next/static/chunks/166g_next_dist_0yxsnqj._.js:2477
[86331335ms] [LOG] [Fast Refresh] done in 119ms @ http://localhost:3000/_next/static/chunks/166g_next_dist_0yxsnqj._.js:2477
[86333969ms] [LOG] [Fast Refresh] rebuilding @ http://localhost:3000/_next/static/chunks/166g_next_dist_0yxsnqj._.js:2477
[86334010ms] [LOG] [Fast Refresh] done in 141ms @ http://localhost:3000/_next/static/chunks/166g_next_dist_0yxsnqj._.js:2477
[86337377ms] [LOG] [Fast Refresh] rebuilding @ http://localhost:3000/_next/static/chunks/166g_next_dist_0yxsnqj._.js:2477
[86337401ms] [LOG] [Fast Refresh] done in 126ms @ http://localhost:3000/_next/static/chunks/166g_next_dist_0yxsnqj._.js:2477
[86338495ms] [LOG] [Fast Refresh] rebuilding @ http://localhost:3000/_next/static/chunks/166g_next_dist_0yxsnqj._.js:2477
[86338509ms] [LOG] [Fast Refresh] done in 114ms @ http://localhost:3000/_next/static/chunks/166g_next_dist_0yxsnqj._.js:2477
[86338882ms] [LOG] [Fast Refresh] rebuilding @ http://localhost:3000/_next/static/chunks/166g_next_dist_0yxsnqj._.js:2477
[86338887ms] [LOG] [Fast Refresh] done in 106ms @ http://localhost:3000/_next/static/chunks/166g_next_dist_0yxsnqj._.js:2477
[86341928ms] [LOG] [Fast Refresh] rebuilding @ http://localhost:3000/_next/static/chunks/166g_next_dist_0yxsnqj._.js:2477
[86341940ms] [LOG] [Fast Refresh] done in 112ms @ http://localhost:3000/_next/static/chunks/166g_next_dist_0yxsnqj._.js:2477
[86343237ms] [LOG] [Fast Refresh] rebuilding @ http://localhost:3000/_next/static/chunks/166g_next_dist_0yxsnqj._.js:2477
[86343241ms] [LOG] [Fast Refresh] done in 106ms @ http://localhost:3000/_next/static/chunks/166g_next_dist_0yxsnqj._.js:2477
[86344857ms] [LOG] [Fast Refresh] rebuilding @ http://localhost:3000/_next/static/chunks/166g_next_dist_0yxsnqj._.js:2477
[86344893ms] [LOG] [Fast Refresh] done in 138ms @ http://localhost:3000/_next/static/chunks/166g_next_dist_0yxsnqj._.js:2477
[86345168ms] [LOG] [Fast Refresh] rebuilding @ http://localhost:3000/_next/static/chunks/166g_next_dist_0yxsnqj._.js:2477
[86345241ms] [LOG] [Fast Refresh] done in 174ms @ http://localhost:3000/_next/static/chunks/166g_next_dist_0yxsnqj._.js:2477
[86346178ms] [LOG] [Fast Refresh] rebuilding @ http://localhost:3000/_next/static/chunks/166g_next_dist_0yxsnqj._.js:2477
[86346209ms] [LOG] [Fast Refresh] done in 132ms @ http://localhost:3000/_next/static/chunks/166g_next_dist_0yxsnqj._.js:2477
[86348474ms] [LOG] [Fast Refresh] rebuilding @ http://localhost:3000/_next/static/chunks/166g_next_dist_0yxsnqj._.js:2477
[86348512ms] [LOG] [Fast Refresh] done in 141ms @ http://localhost:3000/_next/static/chunks/166g_next_dist_0yxsnqj._.js:2477
[86349389ms] [LOG] [Fast Refresh] rebuilding @ http://localhost:3000/_next/static/chunks/166g_next_dist_0yxsnqj._.js:2477
[86349466ms] [LOG] [Fast Refresh] done in 178ms @ http://localhost:3000/_next/static/chunks/166g_next_dist_0yxsnqj._.js:2477
[86349634ms] [LOG] [Fast Refresh] rebuilding @ http://localhost:3000/_next/static/chunks/166g_next_dist_0yxsnqj._.js:2477
[86349645ms] [LOG] [Fast Refresh] done in 113ms @ http://localhost:3000/_next/static/chunks/166g_next_dist_0yxsnqj._.js:2477
[86352640ms] [LOG] [Fast Refresh] rebuilding @ http://localhost:3000/_next/static/chunks/166g_next_dist_0yxsnqj._.js:2477
[86352901ms] [LOG] [Fast Refresh] done in 362ms @ http://localhost:3000/_next/static/chunks/166g_next_dist_0yxsnqj._.js:2477
[86353026ms] [LOG] [Fast Refresh] rebuilding @ http://localhost:3000/_next/static/chunks/166g_next_dist_0yxsnqj._.js:2477
[86353126ms] [LOG] [Fast Refresh] done in 202ms @ http://localhost:3000/_next/static/chunks/166g_next_dist_0yxsnqj._.js:2477
[86353669ms] [LOG] [Fast Refresh] rebuilding @ http://localhost:3000/_next/static/chunks/166g_next_dist_0yxsnqj._.js:2477
[86353737ms] [LOG] [Fast Refresh] done in 169ms @ http://localhost:3000/_next/static/chunks/166g_next_dist_0yxsnqj._.js:2477
[86353843ms] [LOG] [Fast Refresh] rebuilding @ http://localhost:3000/_next/static/chunks/166g_next_dist_0yxsnqj._.js:2477
[86353845ms] [LOG] [Fast Refresh] done in 102ms @ http://localhost:3000/_next/static/chunks/166g_next_dist_0yxsnqj._.js:2477
[86354087ms] [LOG] [Fast Refresh] rebuilding @ http://localhost:3000/_next/static/chunks/166g_next_dist_0yxsnqj._.js:2477
[86354104ms] [LOG] [Fast Refresh] done in 117ms @ http://localhost:3000/_next/static/chunks/166g_next_dist_0yxsnqj._.js:2477
[86354307ms] [LOG] [Fast Refresh] rebuilding @ http://localhost:3000/_next/static/chunks/166g_next_dist_0yxsnqj._.js:2477
[86354340ms] [LOG] [Fast Refresh] done in 134ms @ http://localhost:3000/_next/static/chunks/166g_next_dist_0yxsnqj._.js:2477
[86354527ms] [LOG] [Fast Refresh] rebuilding @ http://localhost:3000/_next/static/chunks/166g_next_dist_0yxsnqj._.js:2477
[86354564ms] [LOG] [Fast Refresh] done in 138ms @ http://localhost:3000/_next/static/chunks/166g_next_dist_0yxsnqj._.js:2477
[86354686ms] [LOG] [Fast Refresh] rebuilding @ http://localhost:3000/_next/static/chunks/166g_next_dist_0yxsnqj._.js:2477
[86354712ms] [LOG] [Fast Refresh] done in 127ms @ http://localhost:3000/_next/static/chunks/166g_next_dist_0yxsnqj._.js:2477
[86355135ms] [LOG] [Fast Refresh] rebuilding @ http://localhost:3000/_next/static/chunks/166g_next_dist_0yxsnqj._.js:2477
[86355201ms] [LOG] [Fast Refresh] done in 168ms @ http://localhost:3000/_next/static/chunks/166g_next_dist_0yxsnqj._.js:2477
[86355400ms] [LOG] [Fast Refresh] rebuilding @ http://localhost:3000/_next/static/chunks/166g_next_dist_0yxsnqj._.js:2477
[86355477ms] [LOG] [Fast Refresh] done in 179ms @ http://localhost:3000/_next/static/chunks/166g_next_dist_0yxsnqj._.js:2477
[86355579ms] [LOG] [Fast Refresh] rebuilding @ http://localhost:3000/_next/static/chunks/166g_next_dist_0yxsnqj._.js:2477
[86355844ms] [LOG] [Fast Refresh] done in 367ms @ http://localhost:3000/_next/static/chunks/166g_next_dist_0yxsnqj._.js:2477
[86355999ms] [LOG] [Fast Refresh] rebuilding @ http://localhost:3000/_next/static/chunks/166g_next_dist_0yxsnqj._.js:2477
[86356066ms] [LOG] [Fast Refresh] done in 169ms @ http://localhost:3000/_next/static/chunks/166g_next_dist_0yxsnqj._.js:2477
[86356373ms] [LOG] [Fast Refresh] rebuilding @ http://localhost:3000/_next/static/chunks/166g_next_dist_0yxsnqj._.js:2477
[86356390ms] [LOG] [Fast Refresh] done in 119ms @ http://localhost:3000/_next/static/chunks/166g_next_dist_0yxsnqj._.js:2477
[86356568ms] [LOG] [Fast Refresh] rebuilding @ http://localhost:3000/_next/static/chunks/166g_next_dist_0yxsnqj._.js:2477
[86356570ms] [LOG] [Fast Refresh] done in 102ms @ http://localhost:3000/_next/static/chunks/166g_next_dist_0yxsnqj._.js:2477
[86357094ms] [LOG] [Fast Refresh] rebuilding @ http://localhost:3000/_next/static/chunks/166g_next_dist_0yxsnqj._.js:2477
[86357345ms] [LOG] [Fast Refresh] done in 353ms @ http://localhost:3000/_next/static/chunks/166g_next_dist_0yxsnqj._.js:2477
[86358366ms] [LOG] [Fast Refresh] rebuilding @ http://localhost:3000/_next/static/chunks/166g_next_dist_0yxsnqj._.js:2477
[86358374ms] [LOG] [Fast Refresh] done in 109ms @ http://localhost:3000/_next/static/chunks/166g_next_dist_0yxsnqj._.js:2477
[86359212ms] [LOG] [Fast Refresh] rebuilding @ http://localhost:3000/_next/static/chunks/166g_next_dist_0yxsnqj._.js:2477
[86359375ms] [LOG] [Fast Refresh] done in 263ms @ http://localhost:3000/_next/static/chunks/166g_next_dist_0yxsnqj._.js:2477
[86360240ms] [LOG] [Fast Refresh] rebuilding @ http://localhost:3000/_next/static/chunks/166g_next_dist_0yxsnqj._.js:2477
[86360318ms] [LOG] [Fast Refresh] done in 180ms @ http://localhost:3000/_next/static/chunks/166g_next_dist_0yxsnqj._.js:2477
[86360530ms] [LOG] [Fast Refresh] rebuilding @ http://localhost:3000/_next/static/chunks/166g_next_dist_0yxsnqj._.js:2477
[86361220ms] [LOG] [Fast Refresh] done in 791ms @ http://localhost:3000/_next/static/chunks/166g_next_dist_0yxsnqj._.js:2477
[86363265ms] [LOG] [Fast Refresh] rebuilding @ http://localhost:3000/_next/static/chunks/166g_next_dist_0yxsnqj._.js:2477
[86363293ms] [LOG] [Fast Refresh] done in 130ms @ http://localhost:3000/_next/static/chunks/166g_next_dist_0yxsnqj._.js:2477
[86369512ms] [LOG] [Fast Refresh] rebuilding @ http://localhost:3000/_next/static/chunks/166g_next_dist_0yxsnqj._.js:2477
[86369696ms] [LOG] [Fast Refresh] done in 286ms @ http://localhost:3000/_next/static/chunks/166g_next_dist_0yxsnqj._.js:2477
[86381699ms] [LOG] [Fast Refresh] rebuilding @ http://localhost:3000/_next/static/chunks/166g_next_dist_0yxsnqj._.js:2477
[86381709ms] [LOG] [Fast Refresh] done in 112ms @ http://localhost:3000/_next/static/chunks/166g_next_dist_0yxsnqj._.js:2477
[86414607ms] [LOG] [Fast Refresh] rebuilding @ http://localhost:3000/_next/static/chunks/166g_next_dist_0yxsnqj._.js:2477
[86414880ms] [LOG] [Fast Refresh] done in 270ms @ http://localhost:3000/_next/static/chunks/166g_next_dist_0yxsnqj._.js:2477
[86415180ms] [LOG] [Fast Refresh] rebuilding @ http://localhost:3000/_next/static/chunks/166g_next_dist_0yxsnqj._.js:2477
[86415484ms] [LOG] [Fast Refresh] done in 307ms @ http://localhost:3000/_next/static/chunks/166g_next_dist_0yxsnqj._.js:2477
[86415593ms] [LOG] [Fast Refresh] rebuilding @ http://localhost:3000/_next/static/chunks/166g_next_dist_0yxsnqj._.js:2477
[86415603ms] [LOG] [Fast Refresh] done in 110ms @ http://localhost:3000/_next/static/chunks/166g_next_dist_0yxsnqj._.js:2477
[86415917ms] [LOG] [Fast Refresh] rebuilding @ http://localhost:3000/_next/static/chunks/166g_next_dist_0yxsnqj._.js:2477
[86415926ms] [LOG] [Fast Refresh] done in 111ms @ http://localhost:3000/_next/static/chunks/166g_next_dist_0yxsnqj._.js:2477
[86416029ms] [LOG] [Fast Refresh] rebuilding @ http://localhost:3000/_next/static/chunks/166g_next_dist_0yxsnqj._.js:2477
[86416578ms] [LOG] [Fast Refresh] done in 267ms @ http://localhost:3000/_next/static/chunks/166g_next_dist_0yxsnqj._.js:2477
[86416737ms] [LOG] [Fast Refresh] rebuilding @ http://localhost:3000/_next/static/chunks/166g_next_dist_0yxsnqj._.js:2477
[86416843ms] [LOG] [Fast Refresh] done in 207ms @ http://localhost:3000/_next/static/chunks/166g_next_dist_0yxsnqj._.js:2477
[86417034ms] [LOG] [Fast Refresh] rebuilding @ http://localhost:3000/_next/static/chunks/166g_next_dist_0yxsnqj._.js:2477
[86417734ms] [LOG] [Fast Refresh] done in 586ms @ http://localhost:3000/_next/static/chunks/166g_next_dist_0yxsnqj._.js:2477
[86417836ms] [LOG] [Fast Refresh] rebuilding @ http://localhost:3000/_next/static/chunks/166g_next_dist_0yxsnqj._.js:2477
[86418237ms] [LOG] [Fast Refresh] done in 503ms @ http://localhost:3000/_next/static/chunks/166g_next_dist_0yxsnqj._.js:2477
[86425584ms] [LOG] [Fast Refresh] rebuilding @ http://localhost:3000/_next/static/chunks/166g_next_dist_0yxsnqj._.js:2477
[86425594ms] [LOG] [Fast Refresh] done in 109ms @ http://localhost:3000/_next/static/chunks/166g_next_dist_0yxsnqj._.js:2477
[86426053ms] [LOG] [Fast Refresh] rebuilding @ http://localhost:3000/_next/static/chunks/166g_next_dist_0yxsnqj._.js:2477
[86426125ms] [LOG] [Fast Refresh] done in 172ms @ http://localhost:3000/_next/static/chunks/166g_next_dist_0yxsnqj._.js:2477
[86428738ms] [LOG] [Fast Refresh] rebuilding @ http://localhost:3000/_next/static/chunks/166g_next_dist_0yxsnqj._.js:2477
[86428817ms] [LOG] [Fast Refresh] done in 180ms @ http://localhost:3000/_next/static/chunks/166g_next_dist_0yxsnqj._.js:2477
[86430155ms] [LOG] [Fast Refresh] rebuilding @ http://localhost:3000/_next/static/chunks/166g_next_dist_0yxsnqj._.js:2477
[86430828ms] [LOG] [Fast Refresh] done in 775ms @ http://localhost:3000/_next/static/chunks/166g_next_dist_0yxsnqj._.js:2477
[86431083ms] [LOG] [Fast Refresh] rebuilding @ http://localhost:3000/_next/static/chunks/166g_next_dist_0yxsnqj._.js:2477
[86431096ms] [LOG] [Fast Refresh] done in 114ms @ http://localhost:3000/_next/static/chunks/166g_next_dist_0yxsnqj._.js:2477
[86432246ms] [LOG] [Fast Refresh] rebuilding @ http://localhost:3000/_next/static/chunks/166g_next_dist_0yxsnqj._.js:2477
[86432693ms] [LOG] [Fast Refresh] done in 547ms @ http://localhost:3000/_next/static/chunks/166g_next_dist_0yxsnqj._.js:2477
[86434266ms] [LOG] [Fast Refresh] rebuilding @ http://localhost:3000/_next/static/chunks/166g_next_dist_0yxsnqj._.js:2477
[86434342ms] [LOG] [Fast Refresh] done in 177ms @ http://localhost:3000/_next/static/chunks/166g_next_dist_0yxsnqj._.js:2477
[86434518ms] [LOG] [Fast Refresh] rebuilding @ http://localhost:3000/_next/static/chunks/166g_next_dist_0yxsnqj._.js:2477
[86434563ms] [LOG] [Fast Refresh] done in 147ms @ http://localhost:3000/_next/static/chunks/166g_next_dist_0yxsnqj._.js:2477
[86434698ms] [LOG] [Fast Refresh] rebuilding @ http://localhost:3000/_next/static/chunks/166g_next_dist_0yxsnqj._.js:2477
[86434832ms] [LOG] [Fast Refresh] done in 235ms @ http://localhost:3000/_next/static/chunks/166g_next_dist_0yxsnqj._.js:2477
[86436390ms] [LOG] [Fast Refresh] rebuilding @ http://localhost:3000/_next/static/chunks/166g_next_dist_0yxsnqj._.js:2477
[86436493ms] [LOG] [Fast Refresh] done in 204ms @ http://localhost:3000/_next/static/chunks/166g_next_dist_0yxsnqj._.js:2477
[86437752ms] [LOG] [Fast Refresh] rebuilding @ http://localhost:3000/_next/static/chunks/166g_next_dist_0yxsnqj._.js:2477
[86437756ms] [LOG] [Fast Refresh] done in 104ms @ http://localhost:3000/_next/static/chunks/166g_next_dist_0yxsnqj._.js:2477
[86439494ms] [LOG] [Fast Refresh] rebuilding @ http://localhost:3000/_next/static/chunks/166g_next_dist_0yxsnqj._.js:2477
[86439505ms] [LOG] [Fast Refresh] done in 112ms @ http://localhost:3000/_next/static/chunks/166g_next_dist_0yxsnqj._.js:2477
[86440527ms] [LOG] [Fast Refresh] rebuilding @ http://localhost:3000/_next/static/chunks/166g_next_dist_0yxsnqj._.js:2477
[86440652ms] [LOG] [Fast Refresh] done in 225ms @ http://localhost:3000/_next/static/chunks/166g_next_dist_0yxsnqj._.js:2477
[86440834ms] [LOG] [Fast Refresh] rebuilding @ http://localhost:3000/_next/static/chunks/166g_next_dist_0yxsnqj._.js:2477
[86440848ms] [LOG] [Fast Refresh] done in 114ms @ http://localhost:3000/_next/static/chunks/166g_next_dist_0yxsnqj._.js:2477
[86443514ms] [LOG] [Fast Refresh] rebuilding @ http://localhost:3000/_next/static/chunks/166g_next_dist_0yxsnqj._.js:2477
[86444017ms] [LOG] [Fast Refresh] done in 602ms @ http://localhost:3000/_next/static/chunks/166g_next_dist_0yxsnqj._.js:2477
[86444888ms] [LOG] [Fast Refresh] rebuilding @ http://localhost:3000/_next/static/chunks/166g_next_dist_0yxsnqj._.js:2477
[86444997ms] [LOG] [Fast Refresh] done in 211ms @ http://localhost:3000/_next/static/chunks/166g_next_dist_0yxsnqj._.js:2477
[86445416ms] [LOG] [Fast Refresh] rebuilding @ http://localhost:3000/_next/static/chunks/166g_next_dist_0yxsnqj._.js:2477
[86446145ms] [LOG] [Fast Refresh] done in 829ms @ http://localhost:3000/_next/static/chunks/166g_next_dist_0yxsnqj._.js:2477
[86446621ms] [LOG] [Fast Refresh] rebuilding @ http://localhost:3000/_next/static/chunks/166g_next_dist_0yxsnqj._.js:2477
[86446983ms] [LOG] [Fast Refresh] done in 462ms @ http://localhost:3000/_next/static/chunks/166g_next_dist_0yxsnqj._.js:2477
[86449174ms] [LOG] [Fast Refresh] rebuilding @ http://localhost:3000/_next/static/chunks/166g_next_dist_0yxsnqj._.js:2477
[86449346ms] [LOG] [Fast Refresh] done in 273ms @ http://localhost:3000/_next/static/chunks/166g_next_dist_0yxsnqj._.js:2477
[86450113ms] [LOG] [Fast Refresh] rebuilding @ http://localhost:3000/_next/static/chunks/166g_next_dist_0yxsnqj._.js:2477
[86450315ms] [LOG] [Fast Refresh] done in 302ms @ http://localhost:3000/_next/static/chunks/166g_next_dist_0yxsnqj._.js:2477
[86450642ms] [LOG] [Fast Refresh] rebuilding @ http://localhost:3000/_next/static/chunks/166g_next_dist_0yxsnqj._.js:2477
[86450735ms] [LOG] [Fast Refresh] done in 194ms @ http://localhost:3000/_next/static/chunks/166g_next_dist_0yxsnqj._.js:2477
[86451002ms] [LOG] [Fast Refresh] rebuilding @ http://localhost:3000/_next/static/chunks/166g_next_dist_0yxsnqj._.js:2477
[86451335ms] [LOG] [Fast Refresh] done in 435ms @ http://localhost:3000/_next/static/chunks/166g_next_dist_0yxsnqj._.js:2477
[86451811ms] [LOG] [Fast Refresh] rebuilding @ http://localhost:3000/_next/static/chunks/166g_next_dist_0yxsnqj._.js:2477
[86451982ms] [LOG] [Fast Refresh] done in 272ms @ http://localhost:3000/_next/static/chunks/166g_next_dist_0yxsnqj._.js:2477
[86453479ms] [LOG] [Fast Refresh] rebuilding @ http://localhost:3000/_next/static/chunks/166g_next_dist_0yxsnqj._.js:2477
[86453592ms] [LOG] [Fast Refresh] done in 213ms @ http://localhost:3000/_next/static/chunks/166g_next_dist_0yxsnqj._.js:2477
[86454027ms] [LOG] [Fast Refresh] rebuilding @ http://localhost:3000/_next/static/chunks/166g_next_dist_0yxsnqj._.js:2477
[86454154ms] [LOG] [Fast Refresh] done in 228ms @ http://localhost:3000/_next/static/chunks/166g_next_dist_0yxsnqj._.js:2477
[86454678ms] [LOG] [Fast Refresh] rebuilding @ http://localhost:3000/_next/static/chunks/166g_next_dist_0yxsnqj._.js:2477
[86454691ms] [LOG] [Fast Refresh] done in 115ms @ http://localhost:3000/_next/static/chunks/166g_next_dist_0yxsnqj._.js:2477
[86454859ms] [LOG] [Fast Refresh] rebuilding @ http://localhost:3000/_next/static/chunks/166g_next_dist_0yxsnqj._.js:2477
[86454867ms] [LOG] [Fast Refresh] done in 108ms @ http://localhost:3000/_next/static/chunks/166g_next_dist_0yxsnqj._.js:2477
[86456331ms] [LOG] [Fast Refresh] rebuilding @ http://localhost:3000/_next/static/chunks/166g_next_dist_0yxsnqj._.js:2477
[86457106ms] [LOG] [Fast Refresh] done in 878ms @ http://localhost:3000/_next/static/chunks/166g_next_dist_0yxsnqj._.js:2477
[86458012ms] [LOG] [Fast Refresh] rebuilding @ http://localhost:3000/_next/static/chunks/166g_next_dist_0yxsnqj._.js:2477
[86458037ms] [LOG] [Fast Refresh] done in 125ms @ http://localhost:3000/_next/static/chunks/166g_next_dist_0yxsnqj._.js:2477
[86458865ms] [LOG] [Fast Refresh] rebuilding @ http://localhost:3000/_next/static/chunks/166g_next_dist_0yxsnqj._.js:2477
[86458938ms] [LOG] [Fast Refresh] done in 173ms @ http://localhost:3000/_next/static/chunks/166g_next_dist_0yxsnqj._.js:2477
[86459349ms] [LOG] [Fast Refresh] rebuilding @ http://localhost:3000/_next/static/chunks/166g_next_dist_0yxsnqj._.js:2477
[86459400ms] [LOG] [Fast Refresh] done in 151ms @ http://localhost:3000/_next/static/chunks/166g_next_dist_0yxsnqj._.js:2477
[86459909ms] [LOG] [Fast Refresh] rebuilding @ http://localhost:3000/_next/static/chunks/166g_next_dist_0yxsnqj._.js:2477
[86459912ms] [LOG] [Fast Refresh] done in 107ms @ http://localhost:3000/_next/static/chunks/166g_next_dist_0yxsnqj._.js:2477
[86460252ms] [LOG] [Fast Refresh] rebuilding @ http://localhost:3000/_next/static/chunks/166g_next_dist_0yxsnqj._.js:2477
[86460260ms] [LOG] [Fast Refresh] done in 109ms @ http://localhost:3000/_next/static/chunks/166g_next_dist_0yxsnqj._.js:2477
[86460455ms] [LOG] [Fast Refresh] rebuilding @ http://localhost:3000/_next/static/chunks/166g_next_dist_0yxsnqj._.js:2477
[86460581ms] [LOG] [Fast Refresh] done in 227ms @ http://localhost:3000/_next/static/chunks/166g_next_dist_0yxsnqj._.js:2477
[86460897ms] [LOG] [Fast Refresh] rebuilding @ http://localhost:3000/_next/static/chunks/166g_next_dist_0yxsnqj._.js:2477
[86460928ms] [LOG] [Fast Refresh] done in 133ms @ http://localhost:3000/_next/static/chunks/166g_next_dist_0yxsnqj._.js:2477
[86462237ms] [LOG] [Fast Refresh] rebuilding @ http://localhost:3000/_next/static/chunks/166g_next_dist_0yxsnqj._.js:2477
[86462296ms] [LOG] [Fast Refresh] done in 160ms @ http://localhost:3000/_next/static/chunks/166g_next_dist_0yxsnqj._.js:2477
[86463162ms] [LOG] [Fast Refresh] rebuilding @ http://localhost:3000/_next/static/chunks/166g_next_dist_0yxsnqj._.js:2477
[86463213ms] [LOG] [Fast Refresh] done in 151ms @ http://localhost:3000/_next/static/chunks/166g_next_dist_0yxsnqj._.js:2477
[86463363ms] [LOG] [Fast Refresh] rebuilding @ http://localhost:3000/_next/static/chunks/166g_next_dist_0yxsnqj._.js:2477
[86463374ms] [LOG] [Fast Refresh] done in 112ms @ http://localhost:3000/_next/static/chunks/166g_next_dist_0yxsnqj._.js:2477
[86465094ms] [LOG] [Fast Refresh] rebuilding @ http://localhost:3000/_next/static/chunks/166g_next_dist_0yxsnqj._.js:2477
[86465162ms] [LOG] [Fast Refresh] done in 168ms @ http://localhost:3000/_next/static/chunks/166g_next_dist_0yxsnqj._.js:2477
[86466013ms] [LOG] [Fast Refresh] rebuilding @ http://localhost:3000/_next/static/chunks/166g_next_dist_0yxsnqj._.js:2477
[86466063ms] [LOG] [Fast Refresh] done in 151ms @ http://localhost:3000/_next/static/chunks/166g_next_dist_0yxsnqj._.js:2477
[86467034ms] [LOG] [Fast Refresh] rebuilding @ http://localhost:3000/_next/static/chunks/166g_next_dist_0yxsnqj._.js:2477
[86467041ms] [LOG] [Fast Refresh] done in 108ms @ http://localhost:3000/_next/static/chunks/166g_next_dist_0yxsnqj._.js:2477
[86469255ms] [LOG] [Fast Refresh] rebuilding @ http://localhost:3000/_next/static/chunks/166g_next_dist_0yxsnqj._.js:2477
[86469260ms] [LOG] [Fast Refresh] done in 105ms @ http://localhost:3000/_next/static/chunks/166g_next_dist_0yxsnqj._.js:2477
[86469386ms] [LOG] [Fast Refresh] rebuilding @ http://localhost:3000/_next/static/chunks/166g_next_dist_0yxsnqj._.js:2477
[86469393ms] [LOG] [Fast Refresh] done in 108ms @ http://localhost:3000/_next/static/chunks/166g_next_dist_0yxsnqj._.js:2477
[86470056ms] [LOG] [Fast Refresh] rebuilding @ http://localhost:3000/_next/static/chunks/166g_next_dist_0yxsnqj._.js:2477
[86470063ms] [LOG] [Fast Refresh] done in 107ms @ http://localhost:3000/_next/static/chunks/166g_next_dist_0yxsnqj._.js:2477
[86471961ms] [LOG] [Fast Refresh] rebuilding @ http://localhost:3000/_next/static/chunks/166g_next_dist_0yxsnqj._.js:2477
[86472029ms] [LOG] [Fast Refresh] done in 170ms @ http://localhost:3000/_next/static/chunks/166g_next_dist_0yxsnqj._.js:2477
[86473720ms] [LOG] [Fast Refresh] rebuilding @ http://localhost:3000/_next/static/chunks/166g_next_dist_0yxsnqj._.js:2477
[86473728ms] [LOG] [Fast Refresh] done in 109ms @ http://localhost:3000/_next/static/chunks/166g_next_dist_0yxsnqj._.js:2477
[86476627ms] [LOG] [Fast Refresh] rebuilding @ http://localhost:3000/_next/static/chunks/166g_next_dist_0yxsnqj._.js:2477
[86476644ms] [LOG] [Fast Refresh] done in 117ms @ http://localhost:3000/_next/static/chunks/166g_next_dist_0yxsnqj._.js:2477
[86478420ms] [LOG] [Fast Refresh] rebuilding @ http://localhost:3000/_next/static/chunks/166g_next_dist_0yxsnqj._.js:2477
[86478426ms] [LOG] [Fast Refresh] done in 107ms @ http://localhost:3000/_next/static/chunks/166g_next_dist_0yxsnqj._.js:2477
[86478950ms] [LOG] [Fast Refresh] rebuilding @ http://localhost:3000/_next/static/chunks/166g_next_dist_0yxsnqj._.js:2477
[86478966ms] [LOG] [Fast Refresh] done in 116ms @ http://localhost:3000/_next/static/chunks/166g_next_dist_0yxsnqj._.js:2477
[86480076ms] [LOG] [Fast Refresh] rebuilding @ http://localhost:3000/_next/static/chunks/166g_next_dist_0yxsnqj._.js:2477
[86480262ms] [LOG] [Fast Refresh] done in 286ms @ http://localhost:3000/_next/static/chunks/166g_next_dist_0yxsnqj._.js:2477
[86484956ms] [LOG] [Fast Refresh] rebuilding @ http://localhost:3000/_next/static/chunks/166g_next_dist_0yxsnqj._.js:2477
[86484981ms] [LOG] [Fast Refresh] done in 127ms @ http://localhost:3000/_next/static/chunks/166g_next_dist_0yxsnqj._.js:2477
[86485094ms] [LOG] [Fast Refresh] rebuilding @ http://localhost:3000/_next/static/chunks/166g_next_dist_0yxsnqj._.js:2477
[86485101ms] [LOG] [Fast Refresh] done in 107ms @ http://localhost:3000/_next/static/chunks/166g_next_dist_0yxsnqj._.js:2477
[86485277ms] [LOG] [Fast Refresh] rebuilding @ http://localhost:3000/_next/static/chunks/166g_next_dist_0yxsnqj._.js:2477
[86485588ms] [LOG] [Fast Refresh] done in 412ms @ http://localhost:3000/_next/static/chunks/166g_next_dist_0yxsnqj._.js:2477
[86486842ms] [LOG] [Fast Refresh] rebuilding @ http://localhost:3000/_next/static/chunks/166g_next_dist_0yxsnqj._.js:2477
[86486851ms] [LOG] [Fast Refresh] done in 109ms @ http://localhost:3000/_next/static/chunks/166g_next_dist_0yxsnqj._.js:2477
[86487156ms] [LOG] [Fast Refresh] rebuilding @ http://localhost:3000/_next/static/chunks/166g_next_dist_0yxsnqj._.js:2477
[86487194ms] [LOG] [Fast Refresh] done in 139ms @ http://localhost:3000/_next/static/chunks/166g_next_dist_0yxsnqj._.js:2477
[86487409ms] [LOG] [Fast Refresh] rebuilding @ http://localhost:3000/_next/static/chunks/166g_next_dist_0yxsnqj._.js:2477
[86487859ms] [LOG] [Fast Refresh] done in 551ms @ http://localhost:3000/_next/static/chunks/166g_next_dist_0yxsnqj._.js:2477
[86488605ms] [ERROR] Failed to load resource: net::ERR_INCOMPLETE_CHUNKED_ENCODING @ http://localhost:3000/dang-nhap?next=%2Fsan-pham&_rsc=JRtmmH6T1vHPlPXY:0
[86488609ms] [ERROR] Failed to load resource: net::ERR_CONNECTION_REFUSED @ http://localhost:3000/dang-nhap?next=%2Fsan-pham&_rsc=JRtmmH6T1vHPlPXY:0
[86488616ms] [ERROR] Failed to fetch RSC payload for http://localhost:3000/dang-nhap?next=%2Fsan-pham. Falling back to browser navigation. TypeError: Failed to fetch
    at createFetch (http://localhost:3000/_next/static/chunks/166g_next_dist_client_0p0bj2g._.js:8207:21)
    at async fetchServerResponse (http://localhost:3000/_next/static/chunks/166g_next_dist_client_0p0bj2g._.js:8051:21)
    at async fetchMissingDynamicData (http://localhost:3000/_next/static/chunks/166g_next_dist_client_0p0bj2g._.js:9464:24) @ http://localhost:3000/_next/static/chunks/166g_next_dist_0yxsnqj._.js:3318
[86488624ms] [ERROR] Failed to load resource: net::ERR_INCOMPLETE_CHUNKED_ENCODING @ http://localhost:3000/dang-nhap?next=%2Fsan-pham&_rsc=JRtmmH6T1vHPlPXY:0
[86488624ms] [ERROR] Failed to fetch RSC payload for http://localhost:3000/dang-nhap?next=%2Fsan-pham. Falling back to browser navigation. TypeError: network error @ http://localhost:3000/_next/static/chunks/166g_next_dist_0yxsnqj._.js:3318
[86488625ms] [ERROR] Failed to load resource: net::ERR_INCOMPLETE_CHUNKED_ENCODING @ http://localhost:3000/dang-nhap?next=%2Fsan-pham&_rsc=JRtmmH6T1vHPlPXY:0
[86488625ms] [ERROR] Failed to fetch RSC payload for http://localhost:3000/dang-nhap?next=%2Fsan-pham. Falling back to browser navigation. TypeError: network error @ http://localhost:3000/_next/static/chunks/166g_next_dist_0yxsnqj._.js:3318
[86488626ms] [ERROR] Failed to load resource: net::ERR_INCOMPLETE_CHUNKED_ENCODING @ http://localhost:3000/dang-nhap?next=%2Fsan-pham&_rsc=JRtmmH6T1vHPlPXY:0
[86488626ms] [ERROR] Failed to fetch RSC payload for http://localhost:3000/dang-nhap?next=%2Fsan-pham. Falling back to browser navigation. TypeError: network error @ http://localhost:3000/_next/static/chunks/166g_next_dist_0yxsnqj._.js:3318
[86488627ms] [ERROR] Failed to load resource: net::ERR_CONNECTION_REFUSED @ http://localhost:3000/dang-nhap?next=%2Fsan-pham&_rsc=JRtmmH6T1vHPlPXY:0
[86488627ms] [ERROR] Failed to fetch RSC payload for http://localhost:3000/dang-nhap?next=%2Fsan-pham. Falling back to browser navigation. TypeError: Failed to fetch
    at createFetch (http://localhost:3000/_next/static/chunks/166g_next_dist_client_0p0bj2g._.js:8207:21)
    at async fetchServerResponse (http://localhost:3000/_next/static/chunks/166g_next_dist_client_0p0bj2g._.js:8051:21)
    at async fetchMissingDynamicData (http://localhost:3000/_next/static/chunks/166g_next_dist_client_0p0bj2g._.js:9464:24) @ http://localhost:3000/_next/static/chunks/166g_next_dist_0yxsnqj._.js:3318
[86488627ms] [ERROR] Failed to load resource: net::ERR_CONNECTION_REFUSED @ http://localhost:3000/dang-nhap?next=%2Fsan-pham&_rsc=JRtmmH6T1vHPlPXY:0
[86488627ms] [ERROR] Failed to fetch RSC payload for http://localhost:3000/dang-nhap?next=%2Fsan-pham. Falling back to browser navigation. TypeError: Failed to fetch
    at createFetch (http://localhost:3000/_next/static/chunks/166g_next_dist_client_0p0bj2g._.js:8207:21)
    at async fetchServerResponse (http://localhost:3000/_next/static/chunks/166g_next_dist_client_0p0bj2g._.js:8051:21)
    at async fetchMissingDynamicData (http://localhost:3000/_next/static/chunks/166g_next_dist_client_0p0bj2g._.js:9464:24) @ http://localhost:3000/_next/static/chunks/166g_next_dist_0yxsnqj._.js:3318
[86488628ms] [ERROR] Failed to load resource: net::ERR_CONNECTION_REFUSED @ http://localhost:3000/dang-nhap?next=%2Fsan-pham&_rsc=JRtmmH6T1vHPlPXY:0
[86488628ms] [ERROR] Failed to fetch RSC payload for http://localhost:3000/dang-nhap?next=%2Fsan-pham. Falling back to browser navigation. TypeError: Failed to fetch
    at createFetch (http://localhost:3000/_next/static/chunks/166g_next_dist_client_0p0bj2g._.js:8207:21)
    at async fetchServerResponse (http://localhost:3000/_next/static/chunks/166g_next_dist_client_0p0bj2g._.js:8051:21)
    at async fetchMissingDynamicData (http://localhost:3000/_next/static/chunks/166g_next_dist_client_0p0bj2g._.js:9464:24) @ http://localhost:3000/_next/static/chunks/166g_next_dist_0yxsnqj._.js:3318
[86488628ms] [ERROR] Failed to load resource: net::ERR_CONNECTION_REFUSED @ http://localhost:3000/dang-nhap?next=%2Fsan-pham&_rsc=JRtmmH6T1vHPlPXY:0
[86488628ms] [ERROR] Failed to fetch RSC payload for http://localhost:3000/dang-nhap?next=%2Fsan-pham. Falling back to browser navigation. TypeError: Failed to fetch
    at createFetch (http://localhost:3000/_next/static/chunks/166g_next_dist_client_0p0bj2g._.js:8207:21)
    at async fetchServerResponse (http://localhost:3000/_next/static/chunks/166g_next_dist_client_0p0bj2g._.js:8051:21)
    at async fetchMissingDynamicData (http://localhost:3000/_next/static/chunks/166g_next_dist_client_0p0bj2g._.js:9464:24) @ http://localhost:3000/_next/static/chunks/166g_next_dist_0yxsnqj._.js:3318
[86488630ms] [ERROR] Failed to load resource: net::ERR_CONNECTION_REFUSED @ http://localhost:3000/dang-nhap?next=%2Fsan-pham&_rsc=JRtmmH6T1vHPlPXY:0
[86488630ms] [ERROR] Failed to fetch RSC payload for http://localhost:3000/dang-nhap?next=%2Fsan-pham. Falling back to browser navigation. TypeError: Failed to fetch
    at createFetch (http://localhost:3000/_next/static/chunks/166g_next_dist_client_0p0bj2g._.js:8207:21)
    at async fetchServerResponse (http://localhost:3000/_next/static/chunks/166g_next_dist_client_0p0bj2g._.js:8051:21)
    at async fetchMissingDynamicData (http://localhost:3000/_next/static/chunks/166g_next_dist_client_0p0bj2g._.js:9464:24) @ http://localhost:3000/_next/static/chunks/166g_next_dist_0yxsnqj._.js:3318
[86488632ms] [ERROR] Failed to load resource: net::ERR_CONNECTION_REFUSED @ http://localhost:3000/dang-nhap?next=%2Fsan-pham&_rsc=JRtmmH6T1vHPlPXY:0
[86488632ms] [ERROR] Failed to fetch RSC payload for http://localhost:3000/dang-nhap?next=%2Fsan-pham. Falling back to browser navigation. TypeError: Failed to fetch
    at createFetch (http://localhost:3000/_next/static/chunks/166g_next_dist_client_0p0bj2g._.js:8207:21)
    at async fetchServerResponse (http://localhost:3000/_next/static/chunks/166g_next_dist_client_0p0bj2g._.js:8051:21)
    at async fetchMissingDynamicData (http://localhost:3000/_next/static/chunks/166g_next_dist_client_0p0bj2g._.js:9464:24) @ http://localhost:3000/_next/static/chunks/166g_next_dist_0yxsnqj._.js:3318
[86488634ms] [ERROR] Failed to load resource: net::ERR_CONNECTION_REFUSED @ http://localhost:3000/dang-nhap?next=%2Fsan-pham&_rsc=JRtmmH6T1vHPlPXY:0
[86488634ms] [ERROR] Failed to fetch RSC payload for http://localhost:3000/dang-nhap?next=%2Fsan-pham. Falling back to browser navigation. TypeError: Failed to fetch
    at createFetch (http://localhost:3000/_next/static/chunks/166g_next_dist_client_0p0bj2g._.js:8207:21)
    at async fetchServerResponse (http://localhost:3000/_next/static/chunks/166g_next_dist_client_0p0bj2g._.js:8051:21)
    at async fetchMissingDynamicData (http://localhost:3000/_next/static/chunks/166g_next_dist_client_0p0bj2g._.js:9464:24) @ http://localhost:3000/_next/static/chunks/166g_next_dist_0yxsnqj._.js:3318
[86488635ms] [ERROR] Failed to load resource: net::ERR_CONNECTION_REFUSED @ http://localhost:3000/dang-nhap?next=%2Fsan-pham&_rsc=JRtmmH6T1vHPlPXY:0
[86488635ms] [ERROR] Failed to fetch RSC payload for http://localhost:3000/dang-nhap?next=%2Fsan-pham. Falling back to browser navigation. TypeError: Failed to fetch
    at createFetch (http://localhost:3000/_next/static/chunks/166g_next_dist_client_0p0bj2g._.js:8207:21)
    at async fetchServerResponse (http://localhost:3000/_next/static/chunks/166g_next_dist_client_0p0bj2g._.js:8051:21)
    at async fetchMissingDynamicData (http://localhost:3000/_next/static/chunks/166g_next_dist_client_0p0bj2g._.js:9464:24) @ http://localhost:3000/_next/static/chunks/166g_next_dist_0yxsnqj._.js:3318
[86488636ms] [ERROR] Failed to load resource: net::ERR_CONNECTION_REFUSED @ http://localhost:3000/dang-nhap?next=%2Fsan-pham&_rsc=JRtmmH6T1vHPlPXY:0
[86488637ms] [ERROR] Failed to fetch RSC payload for http://localhost:3000/dang-nhap?next=%2Fsan-pham. Falling back to browser navigation. TypeError: Failed to fetch
    at createFetch (http://localhost:3000/_next/static/chunks/166g_next_dist_client_0p0bj2g._.js:8207:21)
    at async fetchServerResponse (http://localhost:3000/_next/static/chunks/166g_next_dist_client_0p0bj2g._.js:8051:21)
    at async fetchMissingDynamicData (http://localhost:3000/_next/static/chunks/166g_next_dist_client_0p0bj2g._.js:9464:24) @ http://localhost:3000/_next/static/chunks/166g_next_dist_0yxsnqj._.js:3318
[86488637ms] [ERROR] Failed to load resource: net::ERR_CONNECTION_REFUSED @ http://localhost:3000/dang-nhap?next=%2Fsan-pham&_rsc=JRtmmH6T1vHPlPXY:0
[86488637ms] [ERROR] Failed to fetch RSC payload for http://localhost:3000/dang-nhap?next=%2Fsan-pham. Falling back to browser navigation. TypeError: Failed to fetch
    at createFetch (http://localhost:3000/_next/static/chunks/166g_next_dist_client_0p0bj2g._.js:8207:21)
    at async fetchServerResponse (http://localhost:3000/_next/static/chunks/166g_next_dist_client_0p0bj2g._.js:8051:21)
    at async fetchMissingDynamicData (http://localhost:3000/_next/static/chunks/166g_next_dist_client_0p0bj2g._.js:9464:24) @ http://localhost:3000/_next/static/chunks/166g_next_dist_0yxsnqj._.js:3318
[86488639ms] [ERROR] Failed to load resource: net::ERR_CONNECTION_REFUSED @ http://localhost:3000/dang-nhap?next=%2Fsan-pham&_rsc=JRtmmH6T1vHPlPXY:0
[86488639ms] [ERROR] Failed to fetch RSC payload for http://localhost:3000/dang-nhap?next=%2Fsan-pham. Falling back to browser navigation. TypeError: Failed to fetch
    at createFetch (http://localhost:3000/_next/static/chunks/166g_next_dist_client_0p0bj2g._.js:8207:21)
    at async fetchServerResponse (http://localhost:3000/_next/static/chunks/166g_next_dist_client_0p0bj2g._.js:8051:21)
    at async fetchMissingDynamicData (http://localhost:3000/_next/static/chunks/166g_next_dist_client_0p0bj2g._.js:9464:24) @ http://localhost:3000/_next/static/chunks/166g_next_dist_0yxsnqj._.js:3318
[86488639ms] [ERROR] Failed to load resource: net::ERR_CONNECTION_REFUSED @ http://localhost:3000/dang-nhap?next=%2Fsan-pham&_rsc=JRtmmH6T1vHPlPXY:0
[86488639ms] [ERROR] Failed to fetch RSC payload for http://localhost:3000/dang-nhap?next=%2Fsan-pham. Falling back to browser navigation. TypeError: Failed to fetch
    at createFetch (http://localhost:3000/_next/static/chunks/166g_next_dist_client_0p0bj2g._.js:8207:21)
    at async fetchServerResponse (http://localhost:3000/_next/static/chunks/166g_next_dist_client_0p0bj2g._.js:8051:21)
    at async fetchMissingDynamicData (http://localhost:3000/_next/static/chunks/166g_next_dist_client_0p0bj2g._.js:9464:24) @ http://localhost:3000/_next/static/chunks/166g_next_dist_0yxsnqj._.js:3318
[86488640ms] [ERROR] Failed to load resource: net::ERR_CONNECTION_REFUSED @ http://localhost:3000/dang-nhap?next=%2Fsan-pham&_rsc=JRtmmH6T1vHPlPXY:0
[86488640ms] [ERROR] Failed to fetch RSC payload for http://localhost:3000/dang-nhap?next=%2Fsan-pham. Falling back to browser navigation. TypeError: Failed to fetch
    at createFetch (http://localhost:3000/_next/static/chunks/166g_next_dist_client_0p0bj2g._.js:8207:21)
    at async fetchServerResponse (http://localhost:3000/_next/static/chunks/166g_next_dist_client_0p0bj2g._.js:8051:21)
    at async fetchMissingDynamicData (http://localhost:3000/_next/static/chunks/166g_next_dist_client_0p0bj2g._.js:9464:24) @ http://localhost:3000/_next/static/chunks/166g_next_dist_0yxsnqj._.js:3318
[86488640ms] [ERROR] Failed to load resource: net::ERR_CONNECTION_REFUSED @ http://localhost:3000/dang-nhap?next=%2Fsan-pham&_rsc=JRtmmH6T1vHPlPXY:0
[86488640ms] [ERROR] Failed to fetch RSC payload for http://localhost:3000/dang-nhap?next=%2Fsan-pham. Falling back to browser navigation. TypeError: Failed to fetch
    at createFetch (http://localhost:3000/_next/static/chunks/166g_next_dist_client_0p0bj2g._.js:8207:21)
    at async fetchServerResponse (http://localhost:3000/_next/static/chunks/166g_next_dist_client_0p0bj2g._.js:8051:21)
    at async fetchMissingDynamicData (http://localhost:3000/_next/static/chunks/166g_next_dist_client_0p0bj2g._.js:9464:24) @ http://localhost:3000/_next/static/chunks/166g_next_dist_0yxsnqj._.js:3318
[86488641ms] [ERROR] Failed to load resource: net::ERR_CONNECTION_REFUSED @ http://localhost:3000/dang-nhap?next=%2Fsan-pham&_rsc=JRtmmH6T1vHPlPXY:0
[86488641ms] [ERROR] Failed to fetch RSC payload for http://localhost:3000/dang-nhap?next=%2Fsan-pham. Falling back to browser navigation. TypeError: Failed to fetch
    at createFetch (http://localhost:3000/_next/static/chunks/166g_next_dist_client_0p0bj2g._.js:8207:21)
    at async fetchServerResponse (http://localhost:3000/_next/static/chunks/166g_next_dist_client_0p0bj2g._.js:8051:21)
    at async fetchMissingDynamicData (http://localhost:3000/_next/static/chunks/166g_next_dist_client_0p0bj2g._.js:9464:24) @ http://localhost:3000/_next/static/chunks/166g_next_dist_0yxsnqj._.js:3318
[86488641ms] [ERROR] Failed to load resource: net::ERR_CONNECTION_REFUSED @ http://localhost:3000/dang-nhap?next=%2Fsan-pham&_rsc=JRtmmH6T1vHPlPXY:0
[86488641ms] [ERROR] Failed to fetch RSC payload for http://localhost:3000/dang-nhap?next=%2Fsan-pham. Falling back to browser navigation. TypeError: Failed to fetch
    at createFetch (http://localhost:3000/_next/static/chunks/166g_next_dist_client_0p0bj2g._.js:8207:21)
    at async fetchServerResponse (http://localhost:3000/_next/static/chunks/166g_next_dist_client_0p0bj2g._.js:8051:21)
    at async fetchMissingDynamicData (http://localhost:3000/_next/static/chunks/166g_next_dist_client_0p0bj2g._.js:9464:24) @ http://localhost:3000/_next/static/chunks/166g_next_dist_0yxsnqj._.js:3318
[86488642ms] [ERROR] Failed to load resource: net::ERR_CONNECTION_REFUSED @ http://localhost:3000/dang-nhap?next=%2Fsan-pham&_rsc=JRtmmH6T1vHPlPXY:0
[86488642ms] [ERROR] Failed to fetch RSC payload for http://localhost:3000/dang-nhap?next=%2Fsan-pham. Falling back to browser navigation. TypeError: Failed to fetch
    at createFetch (http://localhost:3000/_next/static/chunks/166g_next_dist_client_0p0bj2g._.js:8207:21)
    at async fetchServerResponse (http://localhost:3000/_next/static/chunks/166g_next_dist_client_0p0bj2g._.js:8051:21)
    at async fetchMissingDynamicData (http://localhost:3000/_next/static/chunks/166g_next_dist_client_0p0bj2g._.js:9464:24) @ http://localhost:3000/_next/static/chunks/166g_next_dist_0yxsnqj._.js:3318
[86488642ms] [ERROR] Failed to load resource: net::ERR_CONNECTION_REFUSED @ http://localhost:3000/dang-nhap?next=%2Fsan-pham&_rsc=JRtmmH6T1vHPlPXY:0
[86488642ms] [ERROR] Failed to fetch RSC payload for http://localhost:3000/dang-nhap?next=%2Fsan-pham. Falling back to browser navigation. TypeError: Failed to fetch
    at createFetch (http://localhost:3000/_next/static/chunks/166g_next_dist_client_0p0bj2g._.js:8207:21)
    at async fetchServerResponse (http://localhost:3000/_next/static/chunks/166g_next_dist_client_0p0bj2g._.js:8051:21)
    at async fetchMissingDynamicData (http://localhost:3000/_next/static/chunks/166g_next_dist_client_0p0bj2g._.js:9464:24) @ http://localhost:3000/_next/static/chunks/166g_next_dist_0yxsnqj._.js:3318
[86488643ms] [ERROR] Failed to load resource: net::ERR_CONNECTION_REFUSED @ http://localhost:3000/dang-nhap?next=%2Fsan-pham&_rsc=JRtmmH6T1vHPlPXY:0
[86488643ms] [ERROR] Failed to fetch RSC payload for http://localhost:3000/dang-nhap?next=%2Fsan-pham. Falling back to browser navigation. TypeError: Failed to fetch
    at createFetch (http://localhost:3000/_next/static/chunks/166g_next_dist_client_0p0bj2g._.js:8207:21)
    at async fetchServerResponse (http://localhost:3000/_next/static/chunks/166g_next_dist_client_0p0bj2g._.js:8051:21)
    at async fetchMissingDynamicData (http://localhost:3000/_next/static/chunks/166g_next_dist_client_0p0bj2g._.js:9464:24) @ http://localhost:3000/_next/static/chunks/166g_next_dist_0yxsnqj._.js:3318
[86488646ms] [ERROR] Failed to load resource: net::ERR_CONNECTION_REFUSED @ http://localhost:3000/dang-nhap?next=%2Fsan-pham&_rsc=JRtmmH6T1vHPlPXY:0
[86488647ms] [ERROR] Failed to fetch RSC payload for http://localhost:3000/dang-nhap?next=%2Fsan-pham. Falling back to browser navigation. TypeError: Failed to fetch
    at createFetch (http://localhost:3000/_next/static/chunks/166g_next_dist_client_0p0bj2g._.js:8207:21)
    at async fetchServerResponse (http://localhost:3000/_next/static/chunks/166g_next_dist_client_0p0bj2g._.js:8051:21)
    at async fetchMissingDynamicData (http://localhost:3000/_next/static/chunks/166g_next_dist_client_0p0bj2g._.js:9464:24) @ http://localhost:3000/_next/static/chunks/166g_next_dist_0yxsnqj._.js:3318
[86488647ms] [ERROR] Failed to load resource: net::ERR_CONNECTION_REFUSED @ http://localhost:3000/dang-nhap?next=%2Fsan-pham&_rsc=JRtmmH6T1vHPlPXY:0
[86488647ms] [ERROR] Failed to fetch RSC payload for http://localhost:3000/dang-nhap?next=%2Fsan-pham. Falling back to browser navigation. TypeError: Failed to fetch
    at createFetch (http://localhost:3000/_next/static/chunks/166g_next_dist_client_0p0bj2g._.js:8207:21)
    at async fetchServerResponse (http://localhost:3000/_next/static/chunks/166g_next_dist_client_0p0bj2g._.js:8051:21)
    at async fetchMissingDynamicData (http://localhost:3000/_next/static/chunks/166g_next_dist_client_0p0bj2g._.js:9464:24) @ http://localhost:3000/_next/static/chunks/166g_next_dist_0yxsnqj._.js:3318
[86488648ms] [ERROR] Failed to load resource: net::ERR_CONNECTION_REFUSED @ http://localhost:3000/dang-nhap?next=%2Fsan-pham&_rsc=JRtmmH6T1vHPlPXY:0
[86488648ms] [ERROR] Failed to fetch RSC payload for http://localhost:3000/dang-nhap?next=%2Fsan-pham. Falling back to browser navigation. TypeError: Failed to fetch
    at createFetch (http://localhost:3000/_next/static/chunks/166g_next_dist_client_0p0bj2g._.js:8207:21)
    at async fetchServerResponse (http://localhost:3000/_next/static/chunks/166g_next_dist_client_0p0bj2g._.js:8051:21)
    at async fetchMissingDynamicData (http://localhost:3000/_next/static/chunks/166g_next_dist_client_0p0bj2g._.js:9464:24) @ http://localhost:3000/_next/static/chunks/166g_next_dist_0yxsnqj._.js:3318
[86488648ms] [ERROR] Failed to load resource: net::ERR_CONNECTION_REFUSED @ http://localhost:3000/dang-nhap?next=%2Fsan-pham&_rsc=JRtmmH6T1vHPlPXY:0
[86488648ms] [ERROR] Failed to fetch RSC payload for http://localhost:3000/dang-nhap?next=%2Fsan-pham. Falling back to browser navigation. TypeError: Failed to fetch
    at createFetch (http://localhost:3000/_next/static/chunks/166g_next_dist_client_0p0bj2g._.js:8207:21)
    at async fetchServerResponse (http://localhost:3000/_next/static/chunks/166g_next_dist_client_0p0bj2g._.js:8051:21)
    at async fetchMissingDynamicData (http://localhost:3000/_next/static/chunks/166g_next_dist_client_0p0bj2g._.js:9464:24) @ http://localhost:3000/_next/static/chunks/166g_next_dist_0yxsnqj._.js:3318
[86488649ms] [ERROR] Failed to load resource: net::ERR_CONNECTION_REFUSED @ http://localhost:3000/dang-nhap?next=%2Fsan-pham&_rsc=JRtmmH6T1vHPlPXY:0
[86488649ms] [ERROR] Failed to fetch RSC payload for http://localhost:3000/dang-nhap?next=%2Fsan-pham. Falling back to browser navigation. TypeError: Failed to fetch
    at createFetch (http://localhost:3000/_next/static/chunks/166g_next_dist_client_0p0bj2g._.js:8207:21)
    at async fetchServerResponse (http://localhost:3000/_next/static/chunks/166g_next_dist_client_0p0bj2g._.js:8051:21)
    at async fetchMissingDynamicData (http://localhost:3000/_next/static/chunks/166g_next_dist_client_0p0bj2g._.js:9464:24) @ http://localhost:3000/_next/static/chunks/166g_next_dist_0yxsnqj._.js:3318
[86488650ms] [ERROR] Failed to load resource: net::ERR_CONNECTION_REFUSED @ http://localhost:3000/dang-nhap?next=%2Fsan-pham&_rsc=JRtmmH6T1vHPlPXY:0
[86488650ms] [ERROR] Failed to fetch RSC payload for http://localhost:3000/dang-nhap?next=%2Fsan-pham. Falling back to browser navigation. TypeError: Failed to fetch
    at createFetch (http://localhost:3000/_next/static/chunks/166g_next_dist_client_0p0bj2g._.js:8207:21)
    at async fetchServerResponse (http://localhost:3000/_next/static/chunks/166g_next_dist_client_0p0bj2g._.js:8051:21)
    at async fetchMissingDynamicData (http://localhost:3000/_next/static/chunks/166g_next_dist_client_0p0bj2g._.js:9464:24) @ http://localhost:3000/_next/static/chunks/166g_next_dist_0yxsnqj._.js:3318
[86488650ms] [ERROR] Failed to load resource: net::ERR_CONNECTION_REFUSED @ http://localhost:3000/dang-nhap?next=%2Fsan-pham&_rsc=JRtmmH6T1vHPlPXY:0
[86488650ms] [ERROR] Failed to fetch RSC payload for http://localhost:3000/dang-nhap?next=%2Fsan-pham. Falling back to browser navigation. TypeError: Failed to fetch
    at createFetch (http://localhost:3000/_next/static/chunks/166g_next_dist_client_0p0bj2g._.js:8207:21)
    at async fetchServerResponse (http://localhost:3000/_next/static/chunks/166g_next_dist_client_0p0bj2g._.js:8051:21)
    at async fetchMissingDynamicData (http://localhost:3000/_next/static/chunks/166g_next_dist_client_0p0bj2g._.js:9464:24) @ http://localhost:3000/_next/static/chunks/166g_next_dist_0yxsnqj._.js:3318
[86488650ms] [ERROR] Failed to load resource: net::ERR_CONNECTION_REFUSED @ http://localhost:3000/dang-nhap?next=%2Fsan-pham&_rsc=JRtmmH6T1vHPlPXY:0
[86488651ms] [ERROR] Failed to fetch RSC payload for http://localhost:3000/dang-nhap?next=%2Fsan-pham. Falling back to browser navigation. TypeError: Failed to fetch
    at createFetch (http://localhost:3000/_next/static/chunks/166g_next_dist_client_0p0bj2g._.js:8207:21)
    at async fetchServerResponse (http://localhost:3000/_next/static/chunks/166g_next_dist_client_0p0bj2g._.js:8051:21)
    at async fetchMissingDynamicData (http://localhost:3000/_next/static/chunks/166g_next_dist_client_0p0bj2g._.js:9464:24) @ http://localhost:3000/_next/static/chunks/166g_next_dist_0yxsnqj._.js:3318
[86488651ms] [ERROR] Failed to load resource: net::ERR_CONNECTION_REFUSED @ http://localhost:3000/dang-nhap?next=%2Fsan-pham&_rsc=JRtmmH6T1vHPlPXY:0
[86488651ms] [ERROR] Failed to fetch RSC payload for http://localhost:3000/dang-nhap?next=%2Fsan-pham. Falling back to browser navigation. TypeError: Failed to fetch
    at createFetch (http://localhost:3000/_next/static/chunks/166g_next_dist_client_0p0bj2g._.js:8207:21)
    at async fetchServerResponse (http://localhost:3000/_next/static/chunks/166g_next_dist_client_0p0bj2g._.js:8051:21)
    at async fetchMissingDynamicData (http://localhost:3000/_next/static/chunks/166g_next_dist_client_0p0bj2g._.js:9464:24) @ http://localhost:3000/_next/static/chunks/166g_next_dist_0yxsnqj._.js:3318
[86488652ms] [ERROR] Failed to load resource: net::ERR_CONNECTION_REFUSED @ http://localhost:3000/dang-nhap?next=%2Fsan-pham&_rsc=JRtmmH6T1vHPlPXY:0
[86488652ms] [ERROR] Failed to fetch RSC payload for http://localhost:3000/dang-nhap?next=%2Fsan-pham. Falling back to browser navigation. TypeError: Failed to fetch
    at createFetch (http://localhost:3000/_next/static/chunks/166g_next_dist_client_0p0bj2g._.js:8207:21)
    at async fetchServerResponse (http://localhost:3000/_next/static/chunks/166g_next_dist_client_0p0bj2g._.js:8051:21)
    at async fetchMissingDynamicData (http://localhost:3000/_next/static/chunks/166g_next_dist_client_0p0bj2g._.js:9464:24) @ http://localhost:3000/_next/static/chunks/166g_next_dist_0yxsnqj._.js:3318
[86488653ms] [ERROR] Failed to load resource: net::ERR_CONNECTION_REFUSED @ http://localhost:3000/dang-nhap?next=%2Fsan-pham&_rsc=JRtmmH6T1vHPlPXY:0
[86488653ms] [ERROR] Failed to fetch RSC payload for http://localhost:3000/dang-nhap?next=%2Fsan-pham. Falling back to browser navigation. TypeError: Failed to fetch
    at createFetch (http://localhost:3000/_next/static/chunks/166g_next_dist_client_0p0bj2g._.js:8207:21)
    at async fetchServerResponse (http://localhost:3000/_next/static/chunks/166g_next_dist_client_0p0bj2g._.js:8051:21)
    at async fetchMissingDynamicData (http://localhost:3000/_next/static/chunks/166g_next_dist_client_0p0bj2g._.js:9464:24) @ http://localhost:3000/_next/static/chunks/166g_next_dist_0yxsnqj._.js:3318
[86488654ms] [ERROR] Failed to load resource: net::ERR_CONNECTION_REFUSED @ http://localhost:3000/dang-nhap?next=%2Fsan-pham&_rsc=JRtmmH6T1vHPlPXY:0
[86488654ms] [ERROR] Failed to fetch RSC payload for http://localhost:3000/dang-nhap?next=%2Fsan-pham. Falling back to browser navigation. TypeError: Failed to fetch
    at createFetch (http://localhost:3000/_next/static/chunks/166g_next_dist_client_0p0bj2g._.js:8207:21)
    at async fetchServerResponse (http://localhost:3000/_next/static/chunks/166g_next_dist_client_0p0bj2g._.js:8051:21)
    at async fetchMissingDynamicData (http://localhost:3000/_next/static/chunks/166g_next_dist_client_0p0bj2g._.js:9464:24) @ http://localhost:3000/_next/static/chunks/166g_next_dist_0yxsnqj._.js:3318
[86488710ms] [ERROR] Failed to load resource: net::ERR_CONNECTION_REFUSED @ http://localhost:3000/__nextjs_original-stack-frames:0
[86488771ms] [ERROR] Failed to load resource: net::ERR_CONNECTION_REFUSED @ http://localhost:3000/__nextjs_original-stack-frames:0
[86507301ms] [INFO] %cDownload the React DevTools for a better development experience: https://react.dev/link/react-devtools font-weight:bold @ http://localhost:3000/_next/static/chunks/166g_next_dist_0yxsnqj._.js:2477
[86507354ms] [LOG] [HMR] connected @ http://localhost:3000/_next/static/chunks/166g_next_dist_0yxsnqj._.js:2477
[86507469ms] [ERROR] Failed to load resource: the server responded with a status of 401 (Unauthorized) @ http://localhost:3001/auth/refresh:0
[86507486ms] [WARNING] Image with src "/images/logo.png" has either width or height modified, but not the other. If you use CSS to change the size of your image, also include the styles 'width: "auto"' or 'height: "auto"' to maintain the aspect ratio. @ http://localhost:3000/_next/static/chunks/166g_next_dist_0yxsnqj._.js:2477
[86510125ms] [LOG] [Fast Refresh] rebuilding @ http://localhost:3000/_next/static/chunks/166g_next_dist_0yxsnqj._.js:2477
[86510325ms] [LOG] [Fast Refresh] done in 302ms @ http://localhost:3000/_next/static/chunks/166g_next_dist_0yxsnqj._.js:2477
[86511264ms] [LOG] [Fast Refresh] rebuilding @ http://localhost:3000/_next/static/chunks/166g_next_dist_0yxsnqj._.js:2477
[86511351ms] [LOG] [Fast Refresh] done in 188ms @ http://localhost:3000/_next/static/chunks/166g_next_dist_0yxsnqj._.js:2477
[86511714ms] [LOG] [Fast Refresh] rebuilding @ http://localhost:3000/_next/static/chunks/166g_next_dist_0yxsnqj._.js:2477
[86511787ms] [LOG] [Fast Refresh] done in 174ms @ http://localhost:3000/_next/static/chunks/166g_next_dist_0yxsnqj._.js:2477
[86513584ms] [LOG] [Fast Refresh] rebuilding @ http://localhost:3000/_next/static/chunks/166g_next_dist_0yxsnqj._.js:2477
[86513731ms] [LOG] [Fast Refresh] done in 248ms @ http://localhost:3000/_next/static/chunks/166g_next_dist_0yxsnqj._.js:2477
[86621785ms] [LOG] [Fast Refresh] rebuilding @ http://localhost:3000/_next/static/chunks/166g_next_dist_0yxsnqj._.js:2477
[86621846ms] [LOG] [Fast Refresh] done in 163ms @ http://localhost:3000/_next/static/chunks/166g_next_dist_0yxsnqj._.js:2477
